  [4;36;1mSQL (0.1ms)[0m   [0;1mSET NAMES 'utf8'[0m
  [4;35;1mSQL (0.1ms)[0m   [0mSET SQL_AUTO_IS_NULL=0[0m
  [4;36;1mSQL (0.3ms)[0m   [0;1mSHOW TABLES[0m
  [4;35;1mSQL (126.4ms)[0m   [0mCREATE TABLE `schema_migrations` (`version` varchar(255) NOT NULL) ENGINE=InnoDB[0m
  [4;36;1mSQL (113.0ms)[0m   [0;1mCREATE UNIQUE INDEX `unique_schema_migrations` ON `schema_migrations` (`version`)[0m
  [4;35;1mSQL (0.4ms)[0m   [0mSHOW TABLES[0m
  [4;36;1mSQL (0.3ms)[0m   [0;1mSELECT version FROM schema_migrations[0m
Migrating to CreateUsers (20090724193052)
  [4;35;1mSQL (65.1ms)[0m   [0mCREATE TABLE `users` (`id` int(11) DEFAULT NULL auto_increment PRIMARY KEY, `username` varchar(255), `email` varchar(255), `crypted_password` varchar(255), `password_salt` varchar(255), `persistence_token` varchar(255), `current_login_ip` varchar(255), `last_login_ip` varchar(255), `created_at` datetime, `updated_at` datetime) ENGINE=InnoDB[0m
  [4;36;1mSQL (0.4ms)[0m   [0;1mINSERT INTO schema_migrations (version) VALUES ('20090724193052')[0m
  [4;35;1mSQL (0.3ms)[0m   [0mSHOW TABLES[0m
  [4;36;1mSQL (0.1ms)[0m   [0;1mSELECT version FROM schema_migrations[0m
  [4;35;1mSQL (0.3ms)[0m   [0mSHOW TABLES[0m
  [4;36;1mSQL (1.5ms)[0m   [0;1mSHOW FIELDS FROM `users`[0m
  [4;35;1mSQL (1.3ms)[0m   [0mdescribe `users`[0m
  [4;36;1mSQL (0.3ms)[0m   [0;1mSHOW KEYS FROM `users`[0m
  [4;36;1mSQL (0.1ms)[0m   [0;1mSET NAMES 'utf8'[0m
  [4;35;1mSQL (0.1ms)[0m   [0mSET SQL_AUTO_IS_NULL=0[0m


Processing UsersController#index (for 127.0.0.1 at 2009-07-24 12:50:55) [GET]

ActionController::UnknownAction (No action responded to index. Actions: create, edit, new, and update):
  

Rendering rescues/layout (not_found)
  [4;36;1mSQL (0.1ms)[0m   [0;1mSET NAMES 'utf8'[0m
  [4;35;1mSQL (0.1ms)[0m   [0mSET SQL_AUTO_IS_NULL=0[0m


Processing UsersController#new (for 127.0.0.1 at 2009-07-24 12:51:00) [GET]
  [4;36;1mUser Columns (3.1ms)[0m   [0;1mSHOW FIELDS FROM `users`[0m
Rendering template within layouts/application
Rendering users/new
Rendered users/_form (4.4ms)
Completed in 21ms (View: 12, DB: 3) | 200 OK [http://0.0.0.0/users/new]
  [4;35;1mSQL (0.1ms)[0m   [0mSET NAMES 'utf8'[0m
  [4;36;1mSQL (0.1ms)[0m   [0;1mSET SQL_AUTO_IS_NULL=0[0m


Processing UsersController#new (for 127.0.0.1 at 2009-07-24 12:51:04) [GET]
  [4;35;1mUser Columns (1.2ms)[0m   [0mSHOW FIELDS FROM `users`[0m
Rendering template within layouts/application
Rendering users/new
Rendered users/_form (2.4ms)
Completed in 11ms (View: 4, DB: 1) | 200 OK [http://0.0.0.0/users/new]
  [4;36;1mSQL (0.1ms)[0m   [0;1mSET NAMES 'utf8'[0m
  [4;35;1mSQL (0.1ms)[0m   [0mSET SQL_AUTO_IS_NULL=0[0m


Processing UserSessionsController#index (for 127.0.0.1 at 2009-07-24 13:07:02) [GET]

ActionController::UnknownAction (No action responded to index. Actions: create, destroy, and new):
  

Rendering rescues/layout (not_found)
  [4;36;1mSQL (0.1ms)[0m   [0;1mSET NAMES 'utf8'[0m
  [4;35;1mSQL (0.1ms)[0m   [0mSET SQL_AUTO_IS_NULL=0[0m


Processing UserSessionsController#new (for 127.0.0.1 at 2009-07-24 13:08:21) [GET]
  [4;36;1mUser Columns (1.2ms)[0m   [0;1mSHOW FIELDS FROM `users`[0m
Rendering template within layouts/application
Rendering user_sessions/new
Completed in 42ms (View: 7, DB: 1) | 200 OK [http://0.0.0.0/]
  [4;35;1mSQL (0.1ms)[0m   [0mSET NAMES 'utf8'[0m
  [4;36;1mSQL (0.1ms)[0m   [0;1mSET SQL_AUTO_IS_NULL=0[0m


Processing UsersController#new (for 127.0.0.1 at 2009-07-24 13:08:30) [GET]
  [4;35;1mUser Columns (1.2ms)[0m   [0mSHOW FIELDS FROM `users`[0m
Rendering template within layouts/application
Rendering users/new
Rendered users/_form (4.4ms)
Completed in 17ms (View: 9, DB: 1) | 200 OK [http://0.0.0.0/users/new]
  [4;36;1mSQL (0.1ms)[0m   [0;1mSET NAMES 'utf8'[0m
  [4;35;1mSQL (0.4ms)[0m   [0mSET SQL_AUTO_IS_NULL=0[0m


Processing UsersController#create (for 127.0.0.1 at 2009-07-24 13:08:42) [POST]
  Parameters: {"user"=>{"password_confirmation"=>"buttbam", "username"=>"casen", "password"=>"buttbam", "email"=>"iamcasen@gmail.com"}, "commit"=>"Submit", "authenticity_token"=>"TDoXcmOa/9nTrnM1wZ4llsuQ1vAgu3Y0gm2LbehWs3M="}
  [4;36;1mUser Columns (1.3ms)[0m   [0;1mSHOW FIELDS FROM `users`[0m
  [4;35;1mSQL (0.1ms)[0m   [0mBEGIN[0m
  [4;36;1mUser Exists (0.3ms)[0m   [0;1mSELECT `users`.id FROM `users` WHERE (LOWER(`users`.`email`) = BINARY 'iamcasen@gmail.com') LIMIT 1[0m
  [4;35;1mUser Exists (0.1ms)[0m   [0mSELECT `users`.id FROM `users` WHERE (LOWER(`users`.`username`) = BINARY 'casen') LIMIT 1[0m
  [4;36;1mUser Exists (0.1ms)[0m   [0;1mSELECT `users`.id FROM `users` WHERE (`users`.`persistence_token` = BINARY '383bcfa0e69c5fb098b5c9821f0e786474dc2ded4796fa2ef7a434a221aa1f450d098e7a0b80d2fd7565c7b6f3d22d70ef15ba15a305b4a873f89b454aa403f1') LIMIT 1[0m
  [4;35;1mUser Create (0.2ms)[0m   [0mINSERT INTO `users` (`updated_at`, `crypted_password`, `current_login_ip`, `username`, `password_salt`, `persistence_token`, `email`, `last_login_ip`, `created_at`) VALUES('2009-07-24 20:08:42', '7ae7014de9238449850ae0d79ec53ffc0e30b01538d50ecf96276839f95219078ebb331c31920d35a904be99ab013b5ca312ddbcd9ce942de1d60440160010c6', '127.0.0.1', 'casen', 'nVqDgxPeGUkIL3LTG7-F', '383bcfa0e69c5fb098b5c9821f0e786474dc2ded4796fa2ef7a434a221aa1f450d098e7a0b80d2fd7565c7b6f3d22d70ef15ba15a305b4a873f89b454aa403f1', 'iamcasen@gmail.com', NULL, '2009-07-24 20:08:42')[0m
  [4;36;1mSQL (0.6ms)[0m   [0;1mCOMMIT[0m
Redirected to http://0.0.0.0:3000/
Completed in 128ms (DB: 3) | 302 Found [http://0.0.0.0/users]
  [4;35;1mSQL (0.1ms)[0m   [0mSET NAMES 'utf8'[0m
  [4;36;1mSQL (0.1ms)[0m   [0;1mSET SQL_AUTO_IS_NULL=0[0m


Processing UserSessionsController#new (for 127.0.0.1 at 2009-07-24 13:08:43) [GET]
  [4;35;1mUser Columns (1.3ms)[0m   [0mSHOW FIELDS FROM `users`[0m
Rendering template within layouts/application
Rendering user_sessions/new
Completed in 10ms (View: 2, DB: 1) | 200 OK [http://0.0.0.0/]
  [4;36;1mSQL (0.1ms)[0m   [0;1mSET NAMES 'utf8'[0m
  [4;35;1mSQL (0.1ms)[0m   [0mSET SQL_AUTO_IS_NULL=0[0m


Processing UserSessionsController#new (for 127.0.0.1 at 2009-07-24 13:08:52) [GET]
  [4;36;1mUser Columns (1.3ms)[0m   [0;1mSHOW FIELDS FROM `users`[0m
Rendering template within layouts/application
Rendering user_sessions/new
Completed in 10ms (View: 2, DB: 1) | 200 OK [http://0.0.0.0/]
  [4;35;1mSQL (0.1ms)[0m   [0mSET NAMES 'utf8'[0m
  [4;36;1mSQL (0.1ms)[0m   [0;1mSET SQL_AUTO_IS_NULL=0[0m


Processing UserSessionsController#create (for 127.0.0.1 at 2009-07-24 13:09:00) [POST]
  Parameters: {"commit"=>"Submit", "user_session"=>{"username"=>"casen", "password"=>"buttbam"}, "authenticity_token"=>"TDoXcmOa/9nTrnM1wZ4llsuQ1vAgu3Y0gm2LbehWs3M="}
  [4;35;1mUser Columns (7.9ms)[0m   [0mSHOW FIELDS FROM `users`[0m
  [4;36;1mUser Load (0.2ms)[0m   [0;1mSELECT * FROM `users` WHERE (LOWER(`users`.username) = 'casen') LIMIT 1[0m
  [4;35;1mSQL (0.1ms)[0m   [0mBEGIN[0m
  [4;36;1mUser Update (0.2ms)[0m   [0;1mUPDATE `users` SET `last_login_ip` = '127.0.0.1', `updated_at` = '2009-07-24 20:09:00' WHERE `id` = 1[0m
  [4;35;1mSQL (12.3ms)[0m   [0mCOMMIT[0m
Redirected to http://0.0.0.0:3000/
Completed in 33ms (DB: 21) | 302 Found [http://0.0.0.0/user_sessions]
  [4;36;1mSQL (0.1ms)[0m   [0;1mSET NAMES 'utf8'[0m
  [4;35;1mSQL (0.1ms)[0m   [0mSET SQL_AUTO_IS_NULL=0[0m


Processing UserSessionsController#new (for 127.0.0.1 at 2009-07-24 13:09:00) [GET]
  [4;36;1mUser Columns (1.2ms)[0m   [0;1mSHOW FIELDS FROM `users`[0m
Rendering template within layouts/application
Rendering user_sessions/new
Completed in 10ms (View: 2, DB: 1) | 200 OK [http://0.0.0.0/]
  [4;35;1mSQL (0.1ms)[0m   [0mSET NAMES 'utf8'[0m
  [4;36;1mSQL (0.1ms)[0m   [0;1mSET SQL_AUTO_IS_NULL=0[0m


Processing UserSessionsController#new (for 127.0.0.1 at 2009-07-24 13:12:55) [GET]
  [4;35;1mUser Columns (1.2ms)[0m   [0mSHOW FIELDS FROM `users`[0m
Rendering template within layouts/application
Rendering user_sessions/new
Completed in 14ms (View: 5, DB: 1) | 200 OK [http://0.0.0.0/]
  [4;36;1mSQL (0.1ms)[0m   [0;1mSET NAMES 'utf8'[0m
  [4;35;1mSQL (0.1ms)[0m   [0mSET SQL_AUTO_IS_NULL=0[0m


Processing UserSessionsController#new (for 127.0.0.1 at 2009-07-24 13:13:00) [GET]
  [4;36;1mUser Columns (1.2ms)[0m   [0;1mSHOW FIELDS FROM `users`[0m
Rendering template within layouts/application
Rendering user_sessions/new
Completed in 11ms (View: 2, DB: 1) | 200 OK [http://0.0.0.0/login]
  [4;35;1mSQL (0.1ms)[0m   [0mSET NAMES 'utf8'[0m
  [4;36;1mSQL (0.1ms)[0m   [0;1mSET SQL_AUTO_IS_NULL=0[0m


Processing UsersController#new (for 127.0.0.1 at 2009-07-24 13:13:05) [GET]
  [4;35;1mUser Columns (1.4ms)[0m   [0mSHOW FIELDS FROM `users`[0m
Rendering template within layouts/application
Rendering users/new
Rendered users/_form (57.6ms)
Completed in 66ms (View: 59, DB: 2) | 200 OK [http://0.0.0.0/users/new]
  [4;36;1mSQL (0.1ms)[0m   [0;1mSET NAMES 'utf8'[0m
  [4;35;1mSQL (0.1ms)[0m   [0mSET SQL_AUTO_IS_NULL=0[0m


Processing UserSessionsController#new (for 127.0.0.1 at 2009-07-24 13:13:06) [GET]
  [4;36;1mUser Columns (1.3ms)[0m   [0;1mSHOW FIELDS FROM `users`[0m
Rendering template within layouts/application
Rendering user_sessions/new
Completed in 10ms (View: 2, DB: 2) | 200 OK [http://0.0.0.0/login]
  [4;35;1mSQL (0.1ms)[0m   [0mSET NAMES 'utf8'[0m
  [4;36;1mSQL (0.1ms)[0m   [0;1mSET SQL_AUTO_IS_NULL=0[0m


Processing UserSessionsController#new (for 127.0.0.1 at 2009-07-24 13:42:16) [GET]
  [4;35;1mUser Columns (1.3ms)[0m   [0mSHOW FIELDS FROM `users`[0m
Rendering template within layouts/application
Rendering user_sessions/new
  [4;36;1mUser Load (0.3ms)[0m   [0;1mSELECT * FROM `users` WHERE (`users`.`id` = '1') LIMIT 1[0m
Completed in 23ms (View: 14, DB: 2) | 200 OK [http://0.0.0.0/login]
  [4;35;1mSQL (0.1ms)[0m   [0mSET NAMES 'utf8'[0m
  [4;36;1mSQL (0.1ms)[0m   [0;1mSET SQL_AUTO_IS_NULL=0[0m


Processing UsersController#edit (for 127.0.0.1 at 2009-07-24 13:42:19) [GET]
  Parameters: {"id"=>"current"}
  [4;35;1mUser Columns (1.3ms)[0m   [0mSHOW FIELDS FROM `users`[0m
  [4;36;1mUser Load (12.5ms)[0m   [0;1mSELECT * FROM `users` WHERE (`users`.`id` = 0) [0m

ActiveRecord::RecordNotFound (Couldn't find User with ID=current):
  app/controllers/users_controller.rb:17:in `edit'

Rendered rescues/_trace (29.6ms)
Rendered rescues/_request_and_response (1.2ms)
Rendering rescues/layout (not_found)
  [4;35;1mSQL (0.1ms)[0m   [0mSET NAMES 'utf8'[0m
  [4;36;1mSQL (0.1ms)[0m   [0;1mSET SQL_AUTO_IS_NULL=0[0m


Processing UsersController#edit (for 127.0.0.1 at 2009-07-24 13:43:17) [GET]
  Parameters: {"id"=>"current"}
  [4;35;1mUser Columns (1.3ms)[0m   [0mSHOW FIELDS FROM `users`[0m
  [4;36;1mUser Load (0.2ms)[0m   [0;1mSELECT * FROM `users` WHERE (`users`.`id` = '1') LIMIT 1[0m
Rendering template within layouts/application
Rendering users/edit
Rendered users/_form (1.4ms)
Completed in 16ms (View: 4, DB: 2) | 200 OK [http://0.0.0.0/users/current/edit]
  [4;35;1mSQL (0.1ms)[0m   [0mSET NAMES 'utf8'[0m
  [4;36;1mSQL (0.1ms)[0m   [0;1mSET SQL_AUTO_IS_NULL=0[0m


Processing UserSessionsController#destroy (for 127.0.0.1 at 2009-07-24 13:44:31) [GET]
  [4;35;1mUser Columns (1.5ms)[0m   [0mSHOW FIELDS FROM `users`[0m
  [4;36;1mUser Load (0.2ms)[0m   [0;1mSELECT * FROM `users` WHERE (`users`.`id` = '1') LIMIT 1[0m
Redirected to http://0.0.0.0:3000/
Completed in 13ms (DB: 2) | 302 Found [http://0.0.0.0/logout]
  [4;35;1mSQL (0.1ms)[0m   [0mSET NAMES 'utf8'[0m
  [4;36;1mSQL (0.1ms)[0m   [0;1mSET SQL_AUTO_IS_NULL=0[0m


Processing UserSessionsController#new (for 127.0.0.1 at 2009-07-24 13:44:31) [GET]
  [4;35;1mUser Columns (1.3ms)[0m   [0mSHOW FIELDS FROM `users`[0m
Rendering template within layouts/application
Rendering user_sessions/new
Completed in 69ms (View: 2, DB: 1) | 200 OK [http://0.0.0.0/]
  [4;36;1mSQL (0.1ms)[0m   [0;1mSET NAMES 'utf8'[0m
  [4;35;1mSQL (0.1ms)[0m   [0mSET SQL_AUTO_IS_NULL=0[0m


Processing UserSessionsController#new (for 127.0.0.1 at 2009-07-24 13:45:53) [GET]
  [4;36;1mUser Columns (1.5ms)[0m   [0;1mSHOW FIELDS FROM `users`[0m
Rendering template within layouts/application
Rendering user_sessions/new
Completed in 11ms (View: 2, DB: 2) | 200 OK [http://0.0.0.0/]
  [4;36;1mSQL (0.1ms)[0m   [0;1mSET NAMES 'utf8'[0m
  [4;35;1mSQL (0.1ms)[0m   [0mSET SQL_AUTO_IS_NULL=0[0m


Processing UserSessionsController#new (for 127.0.0.1 at 2009-07-24 13:53:21) [GET]
  [4;36;1mUser Columns (1.4ms)[0m   [0;1mSHOW FIELDS FROM `users`[0m
Rendering template within layouts/application
Rendering user_sessions/new
Completed in 18ms (View: 8, DB: 2) | 200 OK [http://0.0.0.0/]
  [4;36;1mSQL (0.1ms)[0m   [0;1mSET NAMES 'utf8'[0m
  [4;35;1mSQL (0.1ms)[0m   [0mSET SQL_AUTO_IS_NULL=0[0m


Processing UserSessionsController#new (for 127.0.0.1 at 2009-07-24 14:05:53) [GET]
  [4;36;1mUser Columns (1.3ms)[0m   [0;1mSHOW FIELDS FROM `users`[0m
Rendering template within layouts/application
Rendering user_sessions/new
Completed in 17ms (View: 8, DB: 1) | 200 OK [http://0.0.0.0/]
  [4;35;1mSQL (0.1ms)[0m   [0mSET NAMES 'utf8'[0m
  [4;36;1mSQL (0.1ms)[0m   [0;1mSET SQL_AUTO_IS_NULL=0[0m


Processing UsersController#new (for 127.0.0.1 at 2009-07-24 14:06:34) [GET]
  [4;35;1mUser Columns (1.2ms)[0m   [0mSHOW FIELDS FROM `users`[0m
Rendering template within layouts/application
Rendering users/new
Rendered users/_form (4.3ms)
Completed in 20ms (View: 13, DB: 1) | 200 OK [http://0.0.0.0/users/new]
  [4;36;1mSQL (0.1ms)[0m   [0;1mSET NAMES 'utf8'[0m
  [4;35;1mSQL (0.1ms)[0m   [0mSET SQL_AUTO_IS_NULL=0[0m


Processing UsersController#new (for 127.0.0.1 at 2009-07-24 14:06:52) [GET]
  [4;36;1mUser Columns (1.3ms)[0m   [0;1mSHOW FIELDS FROM `users`[0m
Rendering template within layouts/application
Rendering users/new
Rendered users/_form (3.1ms)
Completed in 17ms (View: 7, DB: 1) | 200 OK [http://0.0.0.0/users/new]
  [4;35;1mSQL (0.1ms)[0m   [0mSET NAMES 'utf8'[0m
  [4;36;1mSQL (0.1ms)[0m   [0;1mSET SQL_AUTO_IS_NULL=0[0m


Processing UsersController#new (for 127.0.0.1 at 2009-07-24 14:10:15) [GET]
  [4;35;1mUser Columns (1.3ms)[0m   [0mSHOW FIELDS FROM `users`[0m
Rendering template within layouts/application
Rendering users/new
Rendered users/_form (2.7ms)
Completed in 16ms (View: 9, DB: 1) | 200 OK [http://0.0.0.0/users/new]
  [4;36;1mSQL (0.1ms)[0m   [0;1mSET NAMES 'utf8'[0m
  [4;35;1mSQL (0.1ms)[0m   [0mSET SQL_AUTO_IS_NULL=0[0m


Processing UsersController#new (for 127.0.0.1 at 2009-07-24 14:11:23) [GET]
  [4;36;1mUser Columns (1.3ms)[0m   [0;1mSHOW FIELDS FROM `users`[0m
Rendering template within layouts/application
Rendering users/new
Rendered users/_form (3.0ms)
Completed in 58ms (View: 50, DB: 2) | 200 OK [http://0.0.0.0/users/new]
  [4;35;1mSQL (0.1ms)[0m   [0mSET NAMES 'utf8'[0m
  [4;36;1mSQL (0.1ms)[0m   [0;1mSET SQL_AUTO_IS_NULL=0[0m


Processing UsersController#new (for 127.0.0.1 at 2009-07-24 14:12:36) [GET]
  [4;35;1mUser Columns (1.3ms)[0m   [0mSHOW FIELDS FROM `users`[0m
Rendering template within layouts/application
Rendering users/new
ERROR: compiling _run_erb_app47views47users47new46html46erb RAISED compile error
/Users/Casen/Documents/rails/bort/app/views/users/new.html.erb:6: syntax error, unexpected '\n', expecting tASSOC
/Users/Casen/Documents/rails/bort/app/views/users/new.html.erb:13: syntax error, unexpected kENSURE, expecting kEND
/Users/Casen/Documents/rails/bort/app/views/users/new.html.erb:15: syntax error, unexpected $end, expecting ')'
Function body:           def _run_erb_app47views47users47new46html46erb(local_assigns)
            old_output_buffer = output_buffer;;@output_buffer = '';  __in_erb_template=true ;  title "New User" ; @output_buffer.concat "\n"
@output_buffer.concat "\n"
@output_buffer.concat(( render :partial => 'form' ).to_s); @output_buffer.concat "\n"
@output_buffer.concat "\n"
@output_buffer.concat(( link_to_function 'click' do |page|
	page.visual_effect :toggle_slide => {:method => 'slide', :mode => 'toggle', :options => {:direction => 'left'}}, "test"
	end ).to_s); @output_buffer.concat "\n"
@output_buffer.concat "<div id=\"test\">\n"
@output_buffer.concat "\tThis is a really cool test paragraph to see if jquery works properly\n"
@output_buffer.concat "</div>\n"
@output_buffer.concat "\n"
@output_buffer
          ensure
            self.output_buffer = old_output_buffer
          end
Backtrace: /Users/Casen/Documents/rails/bort/app/views/users/new.html.erb:15:in `compile!'
/Users/Casen/.gem/ruby/1.8/gems/actionpack-2.3.2/lib/action_view/renderable.rb:61:in `compile'
/Users/Casen/.gem/ruby/1.8/gems/actionpack-2.3.2/lib/action_view/renderable.rb:28:in `render'
/Users/Casen/.gem/ruby/1.8/gems/actionpack-2.3.2/lib/action_view/template.rb:194:in `render_template'
/Users/Casen/.gem/ruby/1.8/gems/actionpack-2.3.2/lib/action_view/base.rb:260:in `render'
/Users/Casen/.gem/ruby/1.8/gems/actionpack-2.3.2/lib/action_view/base.rb:343:in `_render_with_layout'
/Users/Casen/.gem/ruby/1.8/gems/actionpack-2.3.2/lib/action_view/base.rb:257:in `render'
/Users/Casen/.gem/ruby/1.8/gems/actionpack-2.3.2/lib/action_controller/base.rb:1241:in `render_for_file'
/Users/Casen/.gem/ruby/1.8/gems/actionpack-2.3.2/lib/action_controller/base.rb:937:in `render_without_benchmark'
/Users/Casen/.gem/ruby/1.8/gems/actionpack-2.3.2/lib/action_controller/benchmarking.rb:51:in `render'
/Users/Casen/.gem/ruby/1.8/gems/activesupport-2.3.2/lib/active_support/core_ext/benchmark.rb:17:in `ms'
/Users/Casen/.gem/ruby/1.8/gems/activesupport-2.3.2/lib/active_support/core_ext/benchmark.rb:10:in `realtime'
/Users/Casen/.gem/ruby/1.8/gems/activesupport-2.3.2/lib/active_support/core_ext/benchmark.rb:17:in `ms'
/Users/Casen/.gem/ruby/1.8/gems/actionpack-2.3.2/lib/action_controller/benchmarking.rb:51:in `render'
/Users/Casen/.gem/ruby/1.8/gems/actionpack-2.3.2/lib/action_controller/base.rb:1317:in `default_render'
/Users/Casen/.gem/ruby/1.8/gems/actionpack-2.3.2/lib/action_controller/base.rb:1323:in `perform_action_without_filters'
/Users/Casen/.gem/ruby/1.8/gems/actionpack-2.3.2/lib/action_controller/filters.rb:617:in `call_filters'
/Users/Casen/.gem/ruby/1.8/gems/actionpack-2.3.2/lib/action_controller/filters.rb:610:in `perform_action_without_benchmark'
/Users/Casen/.gem/ruby/1.8/gems/actionpack-2.3.2/lib/action_controller/benchmarking.rb:68:in `perform_action_without_rescue'
/Users/Casen/.gem/ruby/1.8/gems/activesupport-2.3.2/lib/active_support/core_ext/benchmark.rb:17:in `ms'
/Users/Casen/.gem/ruby/1.8/gems/activesupport-2.3.2/lib/active_support/core_ext/benchmark.rb:10:in `realtime'
/Users/Casen/.gem/ruby/1.8/gems/activesupport-2.3.2/lib/active_support/core_ext/benchmark.rb:17:in `ms'
/Users/Casen/.gem/ruby/1.8/gems/actionpack-2.3.2/lib/action_controller/benchmarking.rb:68:in `perform_action_without_rescue'
/Users/Casen/.gem/ruby/1.8/gems/actionpack-2.3.2/lib/action_controller/rescue.rb:160:in `perform_action_without_flash'
/Users/Casen/.gem/ruby/1.8/gems/actionpack-2.3.2/lib/action_controller/flash.rb:141:in `perform_action'
/Users/Casen/.gem/ruby/1.8/gems/actionpack-2.3.2/lib/action_controller/base.rb:523:in `send'
/Users/Casen/.gem/ruby/1.8/gems/actionpack-2.3.2/lib/action_controller/base.rb:523:in `process_without_filters'
/Users/Casen/.gem/ruby/1.8/gems/actionpack-2.3.2/lib/action_controller/filters.rb:606:in `process'
/Users/Casen/.gem/ruby/1.8/gems/actionpack-2.3.2/lib/action_controller/base.rb:391:in `process'
/Users/Casen/.gem/ruby/1.8/gems/actionpack-2.3.2/lib/action_controller/base.rb:386:in `call'
/Users/Casen/.gem/ruby/1.8/gems/actionpack-2.3.2/lib/action_controller/routing/route_set.rb:433:in `call'
/Users/Casen/.gem/ruby/1.8/gems/actionpack-2.3.2/lib/action_controller/dispatcher.rb:88:in `dispatch'
/Users/Casen/.gem/ruby/1.8/gems/actionpack-2.3.2/lib/action_controller/dispatcher.rb:111:in `_call'
/Users/Casen/.gem/ruby/1.8/gems/actionpack-2.3.2/lib/action_controller/dispatcher.rb:82:in `initialize'
/Users/Casen/.gem/ruby/1.8/gems/activerecord-2.3.2/lib/active_record/query_cache.rb:29:in `call'
/Users/Casen/.gem/ruby/1.8/gems/activerecord-2.3.2/lib/active_record/query_cache.rb:29:in `call'
/Users/Casen/.gem/ruby/1.8/gems/activerecord-2.3.2/lib/active_record/connection_adapters/abstract/query_cache.rb:34:in `cache'
/Users/Casen/.gem/ruby/1.8/gems/activerecord-2.3.2/lib/active_record/query_cache.rb:9:in `cache'
/Users/Casen/.gem/ruby/1.8/gems/activerecord-2.3.2/lib/active_record/query_cache.rb:28:in `call'
/Users/Casen/.gem/ruby/1.8/gems/activerecord-2.3.2/lib/active_record/connection_adapters/abstract/connection_pool.rb:361:in `call'
/Users/Casen/.gem/ruby/1.8/gems/actionpack-2.3.2/lib/action_controller/vendor/rack-1.0/rack/head.rb:9:in `call'
/Users/Casen/.gem/ruby/1.8/gems/actionpack-2.3.2/lib/action_controller/vendor/rack-1.0/rack/methodoverride.rb:24:in `call'
/Users/Casen/.gem/ruby/1.8/gems/actionpack-2.3.2/lib/action_controller/params_parser.rb:15:in `call'
/Users/Casen/.gem/ruby/1.8/gems/actionpack-2.3.2/lib/action_controller/rewindable_input.rb:25:in `call'
/Users/Casen/.gem/ruby/1.8/gems/actionpack-2.3.2/lib/action_controller/session/cookie_store.rb:93:in `call'
/Users/Casen/.gem/ruby/1.8/gems/actionpack-2.3.2/lib/action_controller/reloader.rb:9:in `call'
/Users/Casen/.gem/ruby/1.8/gems/actionpack-2.3.2/lib/action_controller/failsafe.rb:11:in `call'
/Users/Casen/.gem/ruby/1.8/gems/actionpack-2.3.2/lib/action_controller/vendor/rack-1.0/rack/lock.rb:11:in `call'
/Users/Casen/.gem/ruby/1.8/gems/actionpack-2.3.2/lib/action_controller/vendor/rack-1.0/rack/lock.rb:11:in `synchronize'
/Users/Casen/.gem/ruby/1.8/gems/actionpack-2.3.2/lib/action_controller/vendor/rack-1.0/rack/lock.rb:11:in `call'
/Users/Casen/.gem/ruby/1.8/gems/actionpack-2.3.2/lib/action_controller/dispatcher.rb:106:in `call'
/Users/Casen/.gem/ruby/1.8/gems/rails-2.3.2/lib/rails/rack/static.rb:31:in `call'
/Users/Casen/.gem/ruby/1.8/gems/actionpack-2.3.2/lib/action_controller/vendor/rack-1.0/rack/urlmap.rb:46:in `call'
/Users/Casen/.gem/ruby/1.8/gems/actionpack-2.3.2/lib/action_controller/vendor/rack-1.0/rack/urlmap.rb:40:in `each'
/Users/Casen/.gem/ruby/1.8/gems/actionpack-2.3.2/lib/action_controller/vendor/rack-1.0/rack/urlmap.rb:40:in `call'
/Users/Casen/.gem/ruby/1.8/gems/rails-2.3.2/lib/rails/rack/log_tailer.rb:17:in `call'
/Users/Casen/.gem/ruby/1.8/gems/actionpack-2.3.2/lib/action_controller/vendor/rack-1.0/rack/content_length.rb:13:in `call'
/Users/Casen/.gem/ruby/1.8/gems/actionpack-2.3.2/lib/action_controller/vendor/rack-1.0/rack/chunked.rb:15:in `call'
/Users/Casen/.gem/ruby/1.8/gems/actionpack-2.3.2/lib/action_controller/vendor/rack-1.0/rack/handler/mongrel.rb:61:in `process'
/System/Library/Frameworks/Ruby.framework/Versions/1.8/usr/lib/ruby/gems/1.8/gems/mongrel-1.1.4/lib/mongrel.rb:159:in `process_client'
/System/Library/Frameworks/Ruby.framework/Versions/1.8/usr/lib/ruby/gems/1.8/gems/mongrel-1.1.4/lib/mongrel.rb:158:in `each'
/System/Library/Frameworks/Ruby.framework/Versions/1.8/usr/lib/ruby/gems/1.8/gems/mongrel-1.1.4/lib/mongrel.rb:158:in `process_client'
/System/Library/Frameworks/Ruby.framework/Versions/1.8/usr/lib/ruby/gems/1.8/gems/mongrel-1.1.4/lib/mongrel.rb:285:in `run'
/System/Library/Frameworks/Ruby.framework/Versions/1.8/usr/lib/ruby/gems/1.8/gems/mongrel-1.1.4/lib/mongrel.rb:285:in `initialize'
/System/Library/Frameworks/Ruby.framework/Versions/1.8/usr/lib/ruby/gems/1.8/gems/mongrel-1.1.4/lib/mongrel.rb:285:in `new'
/System/Library/Frameworks/Ruby.framework/Versions/1.8/usr/lib/ruby/gems/1.8/gems/mongrel-1.1.4/lib/mongrel.rb:285:in `run'
/System/Library/Frameworks/Ruby.framework/Versions/1.8/usr/lib/ruby/gems/1.8/gems/mongrel-1.1.4/lib/mongrel.rb:268:in `initialize'
/System/Library/Frameworks/Ruby.framework/Versions/1.8/usr/lib/ruby/gems/1.8/gems/mongrel-1.1.4/lib/mongrel.rb:268:in `new'
/System/Library/Frameworks/Ruby.framework/Versions/1.8/usr/lib/ruby/gems/1.8/gems/mongrel-1.1.4/lib/mongrel.rb:268:in `run'
/Users/Casen/.gem/ruby/1.8/gems/actionpack-2.3.2/lib/action_controller/vendor/rack-1.0/rack/handler/mongrel.rb:34:in `run'
/Users/Casen/.gem/ruby/1.8/gems/rails-2.3.2/lib/commands/server.rb:111
/Library/Ruby/Site/1.8/rubygems/custom_require.rb:31:in `gem_original_require'
/Library/Ruby/Site/1.8/rubygems/custom_require.rb:31:in `require'
script/server:3

ActionView::TemplateError (compile error
/Users/Casen/Documents/rails/bort/app/views/users/new.html.erb:6: syntax error, unexpected '\n', expecting tASSOC
/Users/Casen/Documents/rails/bort/app/views/users/new.html.erb:13: syntax error, unexpected kENSURE, expecting kEND
/Users/Casen/Documents/rails/bort/app/views/users/new.html.erb:15: syntax error, unexpected $end, expecting ')') on line #6 of app/views/users/new.html.erb:
3: <%= render :partial => 'form' %>
4: 
5: <%= link_to_function 'click' do |page|
6: 	page.visual_effect :toggle_slide => {:method => 'slide', :mode => 'toggle', :options => {:direction => 'left'}}, "test"
7: 	end %>
8: <div id="test">
9: 	This is a really cool test paragraph to see if jquery works properly

    app/views/users/new.html.erb:15:in `compile!'

Rendered rescues/_trace (34.6ms)
Rendered rescues/_request_and_response (1.2ms)
Rendering rescues/layout (internal_server_error)
  [4;36;1mSQL (0.1ms)[0m   [0;1mSET NAMES 'utf8'[0m
  [4;35;1mSQL (0.1ms)[0m   [0mSET SQL_AUTO_IS_NULL=0[0m


Processing UsersController#new (for 127.0.0.1 at 2009-07-24 14:13:39) [GET]
  [4;36;1mUser Columns (1.3ms)[0m   [0;1mSHOW FIELDS FROM `users`[0m
Rendering template within layouts/application
Rendering users/new
ERROR: compiling _run_erb_app47views47users47new46html46erb RAISED compile error
/Users/Casen/Documents/rails/bort/app/views/users/new.html.erb:6: syntax error, unexpected '\n', expecting tASSOC
/Users/Casen/Documents/rails/bort/app/views/users/new.html.erb:13: syntax error, unexpected kENSURE, expecting kEND
/Users/Casen/Documents/rails/bort/app/views/users/new.html.erb:15: syntax error, unexpected $end, expecting ')'
Function body:           def _run_erb_app47views47users47new46html46erb(local_assigns)
            old_output_buffer = output_buffer;;@output_buffer = '';  __in_erb_template=true ;  title "New User" ; @output_buffer.concat "\n"
@output_buffer.concat "\n"
@output_buffer.concat(( render :partial => 'form' ).to_s); @output_buffer.concat "\n"
@output_buffer.concat "\n"
@output_buffer.concat(( link_to_function 'click' do |page|
	page.visual_effect :toggle_slide => { :options => {:direction => 'left'}}, "test"
	end ).to_s); @output_buffer.concat "\n"
@output_buffer.concat "<div id=\"test\">\n"
@output_buffer.concat "\tThis is a really cool test paragraph to see if jquery works properly\n"
@output_buffer.concat "</div>\n"
@output_buffer.concat "\n"
@output_buffer
          ensure
            self.output_buffer = old_output_buffer
          end
Backtrace: /Users/Casen/Documents/rails/bort/app/views/users/new.html.erb:15:in `compile!'
/Users/Casen/.gem/ruby/1.8/gems/actionpack-2.3.2/lib/action_view/renderable.rb:61:in `compile'
/Users/Casen/.gem/ruby/1.8/gems/actionpack-2.3.2/lib/action_view/renderable.rb:28:in `render'
/Users/Casen/.gem/ruby/1.8/gems/actionpack-2.3.2/lib/action_view/template.rb:194:in `render_template'
/Users/Casen/.gem/ruby/1.8/gems/actionpack-2.3.2/lib/action_view/base.rb:260:in `render'
/Users/Casen/.gem/ruby/1.8/gems/actionpack-2.3.2/lib/action_view/base.rb:343:in `_render_with_layout'
/Users/Casen/.gem/ruby/1.8/gems/actionpack-2.3.2/lib/action_view/base.rb:257:in `render'
/Users/Casen/.gem/ruby/1.8/gems/actionpack-2.3.2/lib/action_controller/base.rb:1241:in `render_for_file'
/Users/Casen/.gem/ruby/1.8/gems/actionpack-2.3.2/lib/action_controller/base.rb:937:in `render_without_benchmark'
/Users/Casen/.gem/ruby/1.8/gems/actionpack-2.3.2/lib/action_controller/benchmarking.rb:51:in `render'
/Users/Casen/.gem/ruby/1.8/gems/activesupport-2.3.2/lib/active_support/core_ext/benchmark.rb:17:in `ms'
/Users/Casen/.gem/ruby/1.8/gems/activesupport-2.3.2/lib/active_support/core_ext/benchmark.rb:10:in `realtime'
/Users/Casen/.gem/ruby/1.8/gems/activesupport-2.3.2/lib/active_support/core_ext/benchmark.rb:17:in `ms'
/Users/Casen/.gem/ruby/1.8/gems/actionpack-2.3.2/lib/action_controller/benchmarking.rb:51:in `render'
/Users/Casen/.gem/ruby/1.8/gems/actionpack-2.3.2/lib/action_controller/base.rb:1317:in `default_render'
/Users/Casen/.gem/ruby/1.8/gems/actionpack-2.3.2/lib/action_controller/base.rb:1323:in `perform_action_without_filters'
/Users/Casen/.gem/ruby/1.8/gems/actionpack-2.3.2/lib/action_controller/filters.rb:617:in `call_filters'
/Users/Casen/.gem/ruby/1.8/gems/actionpack-2.3.2/lib/action_controller/filters.rb:610:in `perform_action_without_benchmark'
/Users/Casen/.gem/ruby/1.8/gems/actionpack-2.3.2/lib/action_controller/benchmarking.rb:68:in `perform_action_without_rescue'
/Users/Casen/.gem/ruby/1.8/gems/activesupport-2.3.2/lib/active_support/core_ext/benchmark.rb:17:in `ms'
/Users/Casen/.gem/ruby/1.8/gems/activesupport-2.3.2/lib/active_support/core_ext/benchmark.rb:10:in `realtime'
/Users/Casen/.gem/ruby/1.8/gems/activesupport-2.3.2/lib/active_support/core_ext/benchmark.rb:17:in `ms'
/Users/Casen/.gem/ruby/1.8/gems/actionpack-2.3.2/lib/action_controller/benchmarking.rb:68:in `perform_action_without_rescue'
/Users/Casen/.gem/ruby/1.8/gems/actionpack-2.3.2/lib/action_controller/rescue.rb:160:in `perform_action_without_flash'
/Users/Casen/.gem/ruby/1.8/gems/actionpack-2.3.2/lib/action_controller/flash.rb:141:in `perform_action'
/Users/Casen/.gem/ruby/1.8/gems/actionpack-2.3.2/lib/action_controller/base.rb:523:in `send'
/Users/Casen/.gem/ruby/1.8/gems/actionpack-2.3.2/lib/action_controller/base.rb:523:in `process_without_filters'
/Users/Casen/.gem/ruby/1.8/gems/actionpack-2.3.2/lib/action_controller/filters.rb:606:in `process'
/Users/Casen/.gem/ruby/1.8/gems/actionpack-2.3.2/lib/action_controller/base.rb:391:in `process'
/Users/Casen/.gem/ruby/1.8/gems/actionpack-2.3.2/lib/action_controller/base.rb:386:in `call'
/Users/Casen/.gem/ruby/1.8/gems/actionpack-2.3.2/lib/action_controller/routing/route_set.rb:433:in `call'
/Users/Casen/.gem/ruby/1.8/gems/actionpack-2.3.2/lib/action_controller/dispatcher.rb:88:in `dispatch'
/Users/Casen/.gem/ruby/1.8/gems/actionpack-2.3.2/lib/action_controller/dispatcher.rb:111:in `_call'
/Users/Casen/.gem/ruby/1.8/gems/actionpack-2.3.2/lib/action_controller/dispatcher.rb:82:in `initialize'
/Users/Casen/.gem/ruby/1.8/gems/activerecord-2.3.2/lib/active_record/query_cache.rb:29:in `call'
/Users/Casen/.gem/ruby/1.8/gems/activerecord-2.3.2/lib/active_record/query_cache.rb:29:in `call'
/Users/Casen/.gem/ruby/1.8/gems/activerecord-2.3.2/lib/active_record/connection_adapters/abstract/query_cache.rb:34:in `cache'
/Users/Casen/.gem/ruby/1.8/gems/activerecord-2.3.2/lib/active_record/query_cache.rb:9:in `cache'
/Users/Casen/.gem/ruby/1.8/gems/activerecord-2.3.2/lib/active_record/query_cache.rb:28:in `call'
/Users/Casen/.gem/ruby/1.8/gems/activerecord-2.3.2/lib/active_record/connection_adapters/abstract/connection_pool.rb:361:in `call'
/Users/Casen/.gem/ruby/1.8/gems/actionpack-2.3.2/lib/action_controller/vendor/rack-1.0/rack/head.rb:9:in `call'
/Users/Casen/.gem/ruby/1.8/gems/actionpack-2.3.2/lib/action_controller/vendor/rack-1.0/rack/methodoverride.rb:24:in `call'
/Users/Casen/.gem/ruby/1.8/gems/actionpack-2.3.2/lib/action_controller/params_parser.rb:15:in `call'
/Users/Casen/.gem/ruby/1.8/gems/actionpack-2.3.2/lib/action_controller/rewindable_input.rb:25:in `call'
/Users/Casen/.gem/ruby/1.8/gems/actionpack-2.3.2/lib/action_controller/session/cookie_store.rb:93:in `call'
/Users/Casen/.gem/ruby/1.8/gems/actionpack-2.3.2/lib/action_controller/reloader.rb:9:in `call'
/Users/Casen/.gem/ruby/1.8/gems/actionpack-2.3.2/lib/action_controller/failsafe.rb:11:in `call'
/Users/Casen/.gem/ruby/1.8/gems/actionpack-2.3.2/lib/action_controller/vendor/rack-1.0/rack/lock.rb:11:in `call'
/Users/Casen/.gem/ruby/1.8/gems/actionpack-2.3.2/lib/action_controller/vendor/rack-1.0/rack/lock.rb:11:in `synchronize'
/Users/Casen/.gem/ruby/1.8/gems/actionpack-2.3.2/lib/action_controller/vendor/rack-1.0/rack/lock.rb:11:in `call'
/Users/Casen/.gem/ruby/1.8/gems/actionpack-2.3.2/lib/action_controller/dispatcher.rb:106:in `call'
/Users/Casen/.gem/ruby/1.8/gems/rails-2.3.2/lib/rails/rack/static.rb:31:in `call'
/Users/Casen/.gem/ruby/1.8/gems/actionpack-2.3.2/lib/action_controller/vendor/rack-1.0/rack/urlmap.rb:46:in `call'
/Users/Casen/.gem/ruby/1.8/gems/actionpack-2.3.2/lib/action_controller/vendor/rack-1.0/rack/urlmap.rb:40:in `each'
/Users/Casen/.gem/ruby/1.8/gems/actionpack-2.3.2/lib/action_controller/vendor/rack-1.0/rack/urlmap.rb:40:in `call'
/Users/Casen/.gem/ruby/1.8/gems/rails-2.3.2/lib/rails/rack/log_tailer.rb:17:in `call'
/Users/Casen/.gem/ruby/1.8/gems/actionpack-2.3.2/lib/action_controller/vendor/rack-1.0/rack/content_length.rb:13:in `call'
/Users/Casen/.gem/ruby/1.8/gems/actionpack-2.3.2/lib/action_controller/vendor/rack-1.0/rack/chunked.rb:15:in `call'
/Users/Casen/.gem/ruby/1.8/gems/actionpack-2.3.2/lib/action_controller/vendor/rack-1.0/rack/handler/mongrel.rb:61:in `process'
/System/Library/Frameworks/Ruby.framework/Versions/1.8/usr/lib/ruby/gems/1.8/gems/mongrel-1.1.4/lib/mongrel.rb:159:in `process_client'
/System/Library/Frameworks/Ruby.framework/Versions/1.8/usr/lib/ruby/gems/1.8/gems/mongrel-1.1.4/lib/mongrel.rb:158:in `each'
/System/Library/Frameworks/Ruby.framework/Versions/1.8/usr/lib/ruby/gems/1.8/gems/mongrel-1.1.4/lib/mongrel.rb:158:in `process_client'
/System/Library/Frameworks/Ruby.framework/Versions/1.8/usr/lib/ruby/gems/1.8/gems/mongrel-1.1.4/lib/mongrel.rb:285:in `run'
/System/Library/Frameworks/Ruby.framework/Versions/1.8/usr/lib/ruby/gems/1.8/gems/mongrel-1.1.4/lib/mongrel.rb:285:in `initialize'
/System/Library/Frameworks/Ruby.framework/Versions/1.8/usr/lib/ruby/gems/1.8/gems/mongrel-1.1.4/lib/mongrel.rb:285:in `new'
/System/Library/Frameworks/Ruby.framework/Versions/1.8/usr/lib/ruby/gems/1.8/gems/mongrel-1.1.4/lib/mongrel.rb:285:in `run'
/System/Library/Frameworks/Ruby.framework/Versions/1.8/usr/lib/ruby/gems/1.8/gems/mongrel-1.1.4/lib/mongrel.rb:268:in `initialize'
/System/Library/Frameworks/Ruby.framework/Versions/1.8/usr/lib/ruby/gems/1.8/gems/mongrel-1.1.4/lib/mongrel.rb:268:in `new'
/System/Library/Frameworks/Ruby.framework/Versions/1.8/usr/lib/ruby/gems/1.8/gems/mongrel-1.1.4/lib/mongrel.rb:268:in `run'
/Users/Casen/.gem/ruby/1.8/gems/actionpack-2.3.2/lib/action_controller/vendor/rack-1.0/rack/handler/mongrel.rb:34:in `run'
/Users/Casen/.gem/ruby/1.8/gems/rails-2.3.2/lib/commands/server.rb:111
/Library/Ruby/Site/1.8/rubygems/custom_require.rb:31:in `gem_original_require'
/Library/Ruby/Site/1.8/rubygems/custom_require.rb:31:in `require'
script/server:3

ActionView::TemplateError (compile error
/Users/Casen/Documents/rails/bort/app/views/users/new.html.erb:6: syntax error, unexpected '\n', expecting tASSOC
/Users/Casen/Documents/rails/bort/app/views/users/new.html.erb:13: syntax error, unexpected kENSURE, expecting kEND
/Users/Casen/Documents/rails/bort/app/views/users/new.html.erb:15: syntax error, unexpected $end, expecting ')') on line #6 of app/views/users/new.html.erb:
3: <%= render :partial => 'form' %>
4: 
5: <%= link_to_function 'click' do |page|
6: 	page.visual_effect :toggle_slide => { :options => {:direction => 'left'}}, "test"
7: 	end %>
8: <div id="test">
9: 	This is a really cool test paragraph to see if jquery works properly

    app/views/users/new.html.erb:15:in `compile!'

Rendered rescues/_trace (84.8ms)
Rendered rescues/_request_and_response (0.2ms)
Rendering rescues/layout (internal_server_error)
  [4;35;1mSQL (0.1ms)[0m   [0mSET NAMES 'utf8'[0m
  [4;36;1mSQL (0.1ms)[0m   [0;1mSET SQL_AUTO_IS_NULL=0[0m


Processing UsersController#new (for 127.0.0.1 at 2009-07-24 14:13:58) [GET]
  [4;35;1mUser Columns (1.3ms)[0m   [0mSHOW FIELDS FROM `users`[0m
Rendering template within layouts/application
Rendering users/new
Rendered users/_form (2.6ms)
Completed in 16ms (View: 9, DB: 1) | 200 OK [http://0.0.0.0/users/new]
  [4;36;1mSQL (0.1ms)[0m   [0;1mSET NAMES 'utf8'[0m
  [4;35;1mSQL (0.1ms)[0m   [0mSET SQL_AUTO_IS_NULL=0[0m


Processing UsersController#new (for 127.0.0.1 at 2009-07-24 14:15:08) [GET]
  [4;36;1mUser Columns (1.3ms)[0m   [0;1mSHOW FIELDS FROM `users`[0m
Rendering template within layouts/application
Rendering users/new
Rendered users/_form (4.2ms)
Completed in 23ms (View: 15, DB: 2) | 200 OK [http://0.0.0.0/users/new]
  [4;35;1mSQL (0.1ms)[0m   [0mSET NAMES 'utf8'[0m
  [4;36;1mSQL (0.1ms)[0m   [0;1mSET SQL_AUTO_IS_NULL=0[0m


Processing UsersController#new (for 127.0.0.1 at 2009-07-24 14:15:22) [GET]
  [4;35;1mUser Columns (1.3ms)[0m   [0mSHOW FIELDS FROM `users`[0m
Rendering template within layouts/application
Rendering users/new
Rendered users/_form (2.6ms)
Completed in 16ms (View: 8, DB: 1) | 200 OK [http://0.0.0.0/users/new]
  [4;36;1mSQL (0.1ms)[0m   [0;1mSET NAMES 'utf8'[0m
  [4;35;1mSQL (0.1ms)[0m   [0mSET SQL_AUTO_IS_NULL=0[0m


Processing UsersController#new (for 127.0.0.1 at 2009-07-24 14:15:24) [GET]
  [4;36;1mUser Columns (1.3ms)[0m   [0;1mSHOW FIELDS FROM `users`[0m
Rendering template within layouts/application
Rendering users/new
Rendered users/_form (2.6ms)
Completed in 14ms (View: 6, DB: 1) | 200 OK [http://0.0.0.0/users/new]
  [4;35;1mSQL (0.1ms)[0m   [0mSET NAMES 'utf8'[0m
  [4;36;1mSQL (0.1ms)[0m   [0;1mSET SQL_AUTO_IS_NULL=0[0m


Processing UsersController#new (for 127.0.0.1 at 2009-07-24 14:16:49) [GET]
  [4;35;1mUser Columns (1.3ms)[0m   [0mSHOW FIELDS FROM `users`[0m
Rendering template within layouts/application
Rendering users/new
Rendered users/_form (2.8ms)
Completed in 17ms (View: 9, DB: 1) | 200 OK [http://0.0.0.0/users/new]
  [4;36;1mSQL (0.1ms)[0m   [0;1mSET NAMES 'utf8'[0m
  [4;35;1mSQL (0.1ms)[0m   [0mSET SQL_AUTO_IS_NULL=0[0m


Processing UsersController#new (for 127.0.0.1 at 2009-07-24 14:17:08) [GET]
  [4;36;1mUser Columns (1.3ms)[0m   [0;1mSHOW FIELDS FROM `users`[0m
Rendering template within layouts/application
Rendering users/new
Rendered users/_form (3.0ms)
Completed in 59ms (View: 9, DB: 1) | 200 OK [http://0.0.0.0/users/new]
  [4;35;1mSQL (0.1ms)[0m   [0mSET NAMES 'utf8'[0m
  [4;36;1mSQL (0.1ms)[0m   [0;1mSET SQL_AUTO_IS_NULL=0[0m


Processing UsersController#new (for 127.0.0.1 at 2009-07-24 14:17:30) [GET]
  [4;35;1mUser Columns (1.3ms)[0m   [0mSHOW FIELDS FROM `users`[0m
Rendering template within layouts/application
Rendering users/new
Rendered users/_form (2.8ms)
Completed in 16ms (View: 9, DB: 1) | 200 OK [http://0.0.0.0/users/new]
  [4;36;1mSQL (0.1ms)[0m   [0;1mSET NAMES 'utf8'[0m
  [4;35;1mSQL (0.1ms)[0m   [0mSET SQL_AUTO_IS_NULL=0[0m


Processing UsersController#new (for 127.0.0.1 at 2009-07-24 14:17:49) [GET]
  [4;36;1mUser Columns (1.3ms)[0m   [0;1mSHOW FIELDS FROM `users`[0m
Rendering template within layouts/application
Rendering users/new
Rendered users/_form (2.8ms)
Completed in 17ms (View: 8, DB: 2) | 200 OK [http://0.0.0.0/users/new]
  [4;35;1mSQL (0.1ms)[0m   [0mSET NAMES 'utf8'[0m
  [4;36;1mSQL (0.1ms)[0m   [0;1mSET SQL_AUTO_IS_NULL=0[0m


Processing UsersController#new (for 127.0.0.1 at 2009-07-24 14:19:21) [GET]
  [4;35;1mUser Columns (1.2ms)[0m   [0mSHOW FIELDS FROM `users`[0m
Rendering template within layouts/application
Rendering users/new
Rendered users/_form (2.6ms)
Completed in 16ms (View: 8, DB: 1) | 200 OK [http://0.0.0.0/users/new]
  [4;36;1mSQL (0.1ms)[0m   [0;1mSET NAMES 'utf8'[0m
  [4;35;1mSQL (0.1ms)[0m   [0mSET SQL_AUTO_IS_NULL=0[0m


Processing UsersController#new (for 127.0.0.1 at 2009-07-24 14:19:49) [GET]
  [4;36;1mUser Columns (1.3ms)[0m   [0;1mSHOW FIELDS FROM `users`[0m
Rendering template within layouts/application
Rendering users/new
Rendered users/_form (2.5ms)
Completed in 16ms (View: 8, DB: 1) | 200 OK [http://0.0.0.0/users/new]
  [4;35;1mSQL (0.1ms)[0m   [0mSET NAMES 'utf8'[0m
  [4;36;1mSQL (0.1ms)[0m   [0;1mSET SQL_AUTO_IS_NULL=0[0m


Processing UsersController#new (for 127.0.0.1 at 2009-07-24 14:20:00) [GET]
  [4;35;1mUser Columns (1.3ms)[0m   [0mSHOW FIELDS FROM `users`[0m
Rendering template within layouts/application
Rendering users/new
Rendered users/_form (2.6ms)
Completed in 15ms (View: 7, DB: 1) | 200 OK [http://0.0.0.0/users/new]
  [4;36;1mSQL (0.1ms)[0m   [0;1mSET NAMES 'utf8'[0m
  [4;35;1mSQL (0.1ms)[0m   [0mSET SQL_AUTO_IS_NULL=0[0m


Processing UsersController#new (for 127.0.0.1 at 2009-07-24 14:20:20) [GET]
  [4;36;1mUser Columns (1.2ms)[0m   [0;1mSHOW FIELDS FROM `users`[0m
Rendering template within layouts/application
Rendering users/new
Rendered users/_form (2.5ms)
Completed in 16ms (View: 8, DB: 1) | 200 OK [http://0.0.0.0/users/new]
  [4;35;1mSQL (0.1ms)[0m   [0mSET NAMES 'utf8'[0m
  [4;36;1mSQL (0.1ms)[0m   [0;1mSET SQL_AUTO_IS_NULL=0[0m


Processing UsersController#new (for 127.0.0.1 at 2009-07-24 14:21:44) [GET]
  [4;35;1mUser Columns (1.4ms)[0m   [0mSHOW FIELDS FROM `users`[0m
Rendering template within layouts/application
Rendering users/new
Rendered users/_form (2.6ms)
Completed in 16ms (View: 8, DB: 2) | 200 OK [http://0.0.0.0/users/new]
  [4;36;1mSQL (0.1ms)[0m   [0;1mSET NAMES 'utf8'[0m
  [4;35;1mSQL (0.1ms)[0m   [0mSET SQL_AUTO_IS_NULL=0[0m


Processing UsersController#new (for 127.0.0.1 at 2009-07-24 14:22:00) [GET]
  [4;36;1mUser Columns (1.4ms)[0m   [0;1mSHOW FIELDS FROM `users`[0m
Rendering template within layouts/application
Rendering users/new
Rendered users/_form (2.6ms)
Completed in 16ms (View: 8, DB: 2) | 200 OK [http://0.0.0.0/users/new]
  [4;35;1mSQL (0.1ms)[0m   [0mSET NAMES 'utf8'[0m
  [4;36;1mSQL (0.1ms)[0m   [0;1mSET SQL_AUTO_IS_NULL=0[0m


Processing UsersController#new (for 127.0.0.1 at 2009-07-24 14:38:06) [GET]
  [4;35;1mUser Columns (3.8ms)[0m   [0mSHOW FIELDS FROM `users`[0m
Rendering template within layouts/application
Rendering users/new
Rendered users/_form (2.8ms)
Completed in 18ms (View: 7, DB: 4) | 200 OK [http://0.0.0.0/users/new]
  [4;36;1mSQL (0.1ms)[0m   [0;1mSET NAMES 'utf8'[0m
  [4;35;1mSQL (0.1ms)[0m   [0mSET SQL_AUTO_IS_NULL=0[0m
  [4;36;1mSQL (0.1ms)[0m   [0;1mSET NAMES 'utf8'[0m
  [4;35;1mSQL (0.1ms)[0m   [0mSET SQL_AUTO_IS_NULL=0[0m
  [4;36;1mSQL (0.3ms)[0m   [0;1mSHOW TABLES[0m
  [4;35;1mSQL (0.1ms)[0m   [0mSELECT version FROM schema_migrations[0m
Migrating to CreateUsers (20090724193052)
Migrating to AddOpenIdAuthenticationTables (20090724221716)
  [4;36;1mSQL (0.3ms)[0m   [0;1mSHOW TABLES[0m
  [4;35;1mSQL (48.8ms)[0m   [0mCREATE TABLE `open_id_authentication_associations` (`id` int(11) DEFAULT NULL auto_increment PRIMARY KEY, `issued` int(11), `lifetime` int(11), `handle` varchar(255), `assoc_type` varchar(255), `server_url` blob, `secret` blob) ENGINE=InnoDB[0m
  [4;36;1mSQL (0.4ms)[0m   [0;1mSHOW TABLES[0m
  [4;35;1mSQL (96.1ms)[0m   [0mCREATE TABLE `open_id_authentication_nonces` (`id` int(11) DEFAULT NULL auto_increment PRIMARY KEY, `timestamp` int(11) NOT NULL, `server_url` varchar(255), `salt` varchar(255) NOT NULL) ENGINE=InnoDB[0m
  [4;36;1mSQL (0.6ms)[0m   [0;1mINSERT INTO schema_migrations (version) VALUES ('20090724221716')[0m
Migrating to AddOpenidIdentifierToUsers (20090724221747)
  [4;35;1mSQL (89.9ms)[0m   [0mALTER TABLE `users` ADD `openid_identifier` varchar(255)[0m
  [4;36;1mSQL (0.5ms)[0m   [0;1mINSERT INTO schema_migrations (version) VALUES ('20090724221747')[0m
  [4;35;1mSQL (0.4ms)[0m   [0mSHOW TABLES[0m
  [4;36;1mSQL (0.1ms)[0m   [0;1mSELECT version FROM schema_migrations[0m
  [4;35;1mSQL (0.3ms)[0m   [0mSHOW TABLES[0m
  [4;36;1mSQL (1.3ms)[0m   [0;1mSHOW FIELDS FROM `open_id_authentication_associations`[0m
  [4;35;1mSQL (1.3ms)[0m   [0mdescribe `open_id_authentication_associations`[0m
  [4;36;1mSQL (0.5ms)[0m   [0;1mSHOW KEYS FROM `open_id_authentication_associations`[0m
  [4;35;1mSQL (1.1ms)[0m   [0mSHOW FIELDS FROM `open_id_authentication_nonces`[0m
  [4;36;1mSQL (1.2ms)[0m   [0;1mdescribe `open_id_authentication_nonces`[0m
  [4;35;1mSQL (0.5ms)[0m   [0mSHOW KEYS FROM `open_id_authentication_nonces`[0m
  [4;36;1mSQL (1.3ms)[0m   [0;1mSHOW FIELDS FROM `users`[0m
  [4;35;1mSQL (1.1ms)[0m   [0mdescribe `users`[0m
  [4;36;1mSQL (2.1ms)[0m   [0;1mSHOW KEYS FROM `users`[0m
  [4;36;1mSQL (0.1ms)[0m   [0;1mSET NAMES 'utf8'[0m
  [4;35;1mSQL (0.1ms)[0m   [0mSET SQL_AUTO_IS_NULL=0[0m


Processing UserSessionsController#new (for 127.0.0.1 at 2009-07-24 15:51:56) [GET]
  [4;36;1mUser Columns (1.3ms)[0m   [0;1mSHOW FIELDS FROM `users`[0m
Rendering template within layouts/application
Rendering user_sessions/new
Completed in 18ms (View: 8, DB: 1) | 200 OK [http://0.0.0.0/]
  [4;35;1mSQL (0.1ms)[0m   [0mSET NAMES 'utf8'[0m
  [4;36;1mSQL (0.1ms)[0m   [0;1mSET SQL_AUTO_IS_NULL=0[0m


Processing UsersController#new (for 127.0.0.1 at 2009-07-24 15:53:31) [GET]
  [4;35;1mUser Columns (1.2ms)[0m   [0mSHOW FIELDS FROM `users`[0m
Rendering template within layouts/application
Rendering users/new

ActionView::TemplateError (undefined method `textfield' for #<ActionView::Helpers::FormBuilder:0x23bcffc>) on line #5 of app/views/users/_form.html.erb:
2:   <%= f.error_messages %>
3:   <p>
4:   	<%= f.label :username %> <br />
5: 	<%= f.textfield :username %>
6:   </p>
7:   <p>
8:   	<%= f.label :email %> <br />

    app/views/users/_form.html.erb:5
    app/views/users/_form.html.erb:1
    app/views/users/new.html.erb:3

Rendered rescues/_trace (90.1ms)
Rendered rescues/_request_and_response (1.1ms)
Rendering rescues/layout (internal_server_error)
  [4;36;1mSQL (0.1ms)[0m   [0;1mSET NAMES 'utf8'[0m
  [4;35;1mSQL (0.1ms)[0m   [0mSET SQL_AUTO_IS_NULL=0[0m


Processing UsersController#new (for 127.0.0.1 at 2009-07-24 15:53:47) [GET]
  [4;36;1mUser Columns (1.3ms)[0m   [0;1mSHOW FIELDS FROM `users`[0m
Rendering template within layouts/application
Rendering users/new

ActionView::TemplateError (undefined method `textfield' for #<ActionView::Helpers::FormBuilder:0x243158c>) on line #5 of app/views/users/_form.html.erb:
2:   <%= f.error_messages %>
3:   <p>
4:   	<%= f.label :username %> <br />
5: 	<%= f.textfield :username %>
6:   </p>
7:   <p>
8:   	<%= f.label :email %> <br />

    app/views/users/_form.html.erb:5
    app/views/users/_form.html.erb:1
    app/views/users/new.html.erb:3

Rendered rescues/_trace (45.2ms)
Rendered rescues/_request_and_response (0.2ms)
Rendering rescues/layout (internal_server_error)
  [4;35;1mSQL (0.1ms)[0m   [0mSET NAMES 'utf8'[0m
  [4;36;1mSQL (0.1ms)[0m   [0;1mSET SQL_AUTO_IS_NULL=0[0m


Processing UsersController#new (for 127.0.0.1 at 2009-07-24 15:53:51) [GET]
  [4;35;1mUser Columns (1.3ms)[0m   [0mSHOW FIELDS FROM `users`[0m
Rendering template within layouts/application
Rendering users/new

ActionView::TemplateError (undefined method `textfield' for #<ActionView::Helpers::FormBuilder:0x25456d0>) on line #5 of app/views/users/_form.html.erb:
2:   <%= f.error_messages %>
3:   <p>
4:   	<%= f.label :username %> <br />
5: 	<%= f.textfield :username %>
6:   </p>
7:   <p>
8:   	<%= f.label :email %> <br />

    app/views/users/_form.html.erb:5
    app/views/users/_form.html.erb:1
    app/views/users/new.html.erb:3

Rendered rescues/_trace (42.4ms)
Rendered rescues/_request_and_response (0.2ms)
Rendering rescues/layout (internal_server_error)
  [4;36;1mSQL (0.2ms)[0m   [0;1mSET NAMES 'utf8'[0m
  [4;35;1mSQL (0.1ms)[0m   [0mSET SQL_AUTO_IS_NULL=0[0m


Processing UsersController#new (for 127.0.0.1 at 2009-07-24 15:54:06) [GET]
  [4;36;1mUser Columns (1.3ms)[0m   [0;1mSHOW FIELDS FROM `users`[0m
Rendering template within layouts/application
Rendering users/new
Rendered users/_form (4.2ms)
Completed in 18ms (View: 10, DB: 2) | 200 OK [http://0.0.0.0/users/new]
  [4;35;1mSQL (0.1ms)[0m   [0mSET NAMES 'utf8'[0m
  [4;36;1mSQL (0.1ms)[0m   [0;1mSET SQL_AUTO_IS_NULL=0[0m


Processing UsersController#create (for 127.0.0.1 at 2009-07-24 15:54:14) [POST]
  Parameters: {"user"=>{"password_confirmation"=>"", "username"=>"", "openid_identifier"=>"cdubd10.pip.verisignlabs.com", "password"=>"", "email"=>""}, "commit"=>"Submit", "authenticity_token"=>"TDoXcmOa/9nTrnM1wZ4llsuQ1vAgu3Y0gm2LbehWs3M="}
  [4;35;1mUser Columns (20.4ms)[0m   [0mSHOW FIELDS FROM `users`[0m
  [4;36;1mOpenIdAuthentication::Association Columns (1.3ms)[0m   [0;1mSHOW FIELDS FROM `open_id_authentication_associations`[0m
  [4;35;1mOpenIdAuthentication::Association Load (1.6ms)[0m   [0mSELECT * FROM `open_id_authentication_associations` WHERE (`open_id_authentication_associations`.`server_url` = 'http://pip.verisignlabs.com/server') [0m
  [4;36;1mOpenIdAuthentication::Association Delete all (0.2ms)[0m   [0;1mDELETE FROM `open_id_authentication_associations` WHERE (server_url = 'http://pip.verisignlabs.com/server' AND handle = 'e97f3050-78a4-11de-ae57-d18d9d22b4fc') [0m
  [4;35;1mSQL (0.1ms)[0m   [0mBEGIN[0m
  [4;36;1mOpenIdAuthentication::Association Create (0.1ms)[0m   [0;1mINSERT INTO `open_id_authentication_associations` (`handle`, `server_url`, `lifetime`, `issued`, `assoc_type`, `secret`) VALUES('e97f3050-78a4-11de-ae57-d18d9d22b4fc', x'687474703a2f2f7069702e766572697369676e6c6162732e636f6d2f736572766572', 600, 1248476055, 'HMAC-SHA1', x'143c7d722a28af0b93cf923a8d6272071a4fff55')[0m
  [4;35;1mSQL (0.5ms)[0m   [0mCOMMIT[0m
Generated checkid_setup request to http://pip.verisignlabs.com/server with assocication e97f3050-78a4-11de-ae57-d18d9d22b4fc
Redirected to http://pip.verisignlabs.com/server?openid.assoc_handle=e97f3050-78a4-11de-ae57-d18d9d22b4fc&openid.ax.mode=fetch_request&openid.claimed_id=http%3A%2F%2Fcdubd10.pip.verisignlabs.com%2F&openid.identity=http%3A%2F%2Fcdubd10.pip.verisignlabs.com%2F&openid.mode=checkid_setup&openid.ns=http%3A%2F%2Fspecs.openid.net%2Fauth%2F2.0&openid.ns.ax=http%3A%2F%2Fopenid.net%2Fsrv%2Fax%2F1.0&openid.ns.sreg=http%3A%2F%2Fopenid.net%2Fextensions%2Fsreg%2F1.1&openid.realm=http%3A%2F%2F0.0.0.0%3A3000%2F&openid.return_to=http%3A%2F%2F0.0.0.0%3A3000%2Fusers%3Ffor_model%3D1%26_method%3Dpost%26open_id_complete%3D1&openid.sreg.required=nickname%2Cemail
Completed in 1265ms (DB: 24) | 302 Found [http://0.0.0.0/users]
  [4;36;1mSQL (0.1ms)[0m   [0;1mSET NAMES 'utf8'[0m
  [4;35;1mSQL (0.1ms)[0m   [0mSET SQL_AUTO_IS_NULL=0[0m


Processing UsersController#create (for 127.0.0.1 at 2009-07-24 15:54:16) [POST]
  Parameters: {"openid.sreg.nickname"=>"cdudbd10", "for_model"=>"1", "openid.mode"=>"id_res", "openid.claimed_id"=>"http://cdubd10.pip.verisignlabs.com/", "openid.sig"=>"mk4DG5hjKonLNqPK20X1R/nm8L8=", "openid.return_to"=>"http://0.0.0.0:3000/users?for_model=1&_method=post&open_id_complete=1", "openid.ns.sreg"=>"http://openid.net/extensions/sreg/1.1", "openid.ns"=>"http://specs.openid.net/auth/2.0", "openid.op_endpoint"=>"http://pip.verisignlabs.com/server", "openid.response_nonce"=>"2009-07-24T22:54:16Z/mOnqw==", "openid.sreg.email"=>"cdubd10@gmail.com", "openid.pape.nist_auth_level"=>"0", "openid.identity"=>"http://cdubd10.pip.verisignlabs.com/", "open_id_complete"=>"1", "openid.pape.auth_policies"=>"http://schemas.openid.net/pape/policies/2007/06/phishing-resistant", "openid.assoc_handle"=>"e97f3050-78a4-11de-ae57-d18d9d22b4fc", "openid.pape.auth_time"=>"2009-07-24T22:52:17Z", "openid.signed"=>"assoc_handle,identity,response_nonce,return_to,claimed_id,op_endpoint,sreg.nickname,sreg.email,ns.pape,pape.auth_policies,pape.auth_time,pape.nist_auth_level", "openid.ns.pape"=>"http://specs.openid.net/extensions/pape/1.0"}
  [4;36;1mUser Columns (1.4ms)[0m   [0;1mSHOW FIELDS FROM `users`[0m
  [4;35;1mOpenIdAuthentication::Association Load (7.4ms)[0m   [0mSELECT * FROM `open_id_authentication_associations` WHERE (`open_id_authentication_associations`.`handle` = 'e97f3050-78a4-11de-ae57-d18d9d22b4fc' AND `open_id_authentication_associations`.`server_url` = 'http://pip.verisignlabs.com/server') [0m
  [4;36;1mOpenIdAuthentication::Nonce Columns (0.9ms)[0m   [0;1mSHOW FIELDS FROM `open_id_authentication_nonces`[0m
  [4;35;1mOpenIdAuthentication::Nonce Load (0.1ms)[0m   [0mSELECT * FROM `open_id_authentication_nonces` WHERE (`open_id_authentication_nonces`.`salt` = '/mOnqw==' AND `open_id_authentication_nonces`.`server_url` = 'http://pip.verisignlabs.com/server' AND `open_id_authentication_nonces`.`timestamp` = 1248476056) LIMIT 1[0m
  [4;36;1mSQL (0.1ms)[0m   [0;1mBEGIN[0m
  [4;35;1mOpenIdAuthentication::Nonce Create (0.1ms)[0m   [0mINSERT INTO `open_id_authentication_nonces` (`timestamp`, `salt`, `server_url`) VALUES(1248476056, '/mOnqw==', 'http://pip.verisignlabs.com/server')[0m
  [4;36;1mSQL (0.6ms)[0m   [0;1mCOMMIT[0m
  [4;35;1mSQL (0.1ms)[0m   [0mBEGIN[0m
  [4;36;1mUser Exists (0.1ms)[0m   [0;1mSELECT `users`.id FROM `users` WHERE (`users`.`openid_identifier` = BINARY 'http://cdubd10.pip.verisignlabs.com/') LIMIT 1[0m
  [4;35;1mUser Exists (0.3ms)[0m   [0mSELECT `users`.id FROM `users` WHERE (LOWER(`users`.`email`) = BINARY 'cdubd10@gmail.com') LIMIT 1[0m
  [4;36;1mUser Exists (0.1ms)[0m   [0;1mSELECT `users`.id FROM `users` WHERE (LOWER(`users`.`username`) = BINARY 'cdudbd10') LIMIT 1[0m
  [4;35;1mUser Exists (0.1ms)[0m   [0mSELECT `users`.id FROM `users` WHERE (`users`.`persistence_token` = BINARY '15ddae1aeb173b60a2be76ab5fa978fb2df1890ad2d06c30e17d25d7a44db9fea4a1ddda1659249916770d75bd60df2d9252a9dec81ea01a64cd55302a14a4cb') LIMIT 1[0m
  [4;36;1mUser Create (0.2ms)[0m   [0;1mINSERT INTO `users` (`updated_at`, `crypted_password`, `current_login_ip`, `username`, `password_salt`, `persistence_token`, `openid_identifier`, `email`, `last_login_ip`, `created_at`) VALUES('2009-07-24 22:54:16', NULL, '127.0.0.1', 'cdudbd10', NULL, '15ddae1aeb173b60a2be76ab5fa978fb2df1890ad2d06c30e17d25d7a44db9fea4a1ddda1659249916770d75bd60df2d9252a9dec81ea01a64cd55302a14a4cb', 'http://cdubd10.pip.verisignlabs.com/', 'cdubd10@gmail.com', NULL, '2009-07-24 22:54:16')[0m
  [4;35;1mSQL (0.4ms)[0m   [0mCOMMIT[0m
Redirected to http://0.0.0.0:3000/
Completed in 132ms (DB: 12) | 302 Found [http://0.0.0.0/users?for_model=1&_method=post&open_id_complete=1&openid.assoc_handle=e97f3050-78a4-11de-ae57-d18d9d22b4fc&openid.response_nonce=2009-07-24T22%3A54%3A16Z%2FmOnqw%3D%3D&openid.sreg.email=cdubd10%40gmail.com&openid.sreg.nickname=cdudbd10&openid.pape.nist_auth_level=0&openid.ns=http%3A%2F%2Fspecs.openid.net%2Fauth%2F2.0&openid.mode=id_res&openid.op_endpoint=http%3A%2F%2Fpip.verisignlabs.com%2Fserver&openid.pape.auth_policies=http%3A%2F%2Fschemas.openid.net%2Fpape%2Fpolicies%2F2007%2F06%2Fphishing-resistant&openid.claimed_id=http%3A%2F%2Fcdubd10.pip.verisignlabs.com%2F&openid.sig=mk4DG5hjKonLNqPK20X1R%2Fnm8L8%3D&openid.identity=http%3A%2F%2Fcdubd10.pip.verisignlabs.com%2F&openid.ns.pape=http%3A%2F%2Fspecs.openid.net%2Fextensions%2Fpape%2F1.0&openid.pape.auth_time=2009-07-24T22%3A52%3A17Z&openid.signed=assoc_handle%2Cidentity%2Cresponse_nonce%2Creturn_to%2Cclaimed_id%2Cop_endpoint%2Csreg.nickname%2Csreg.email%2Cns.pape%2Cpape.auth_policies%2Cpape.auth_time%2Cpape.nist_auth_level&openid.return_to=http%3A%2F%2F0.0.0.0%3A3000%2Fusers%3Ffor_model%3D1%26_method%3Dpost%26open_id_complete%3D1&openid.ns.sreg=http%3A%2F%2Fopenid.net%2Fextensions%2Fsreg%2F1.1]
  [4;36;1mSQL (0.1ms)[0m   [0;1mSET NAMES 'utf8'[0m
  [4;35;1mSQL (0.1ms)[0m   [0mSET SQL_AUTO_IS_NULL=0[0m


Processing UserSessionsController#new (for 127.0.0.1 at 2009-07-24 15:54:16) [GET]
  [4;36;1mUser Columns (1.3ms)[0m   [0;1mSHOW FIELDS FROM `users`[0m
Rendering template within layouts/application
Rendering user_sessions/new
  [4;35;1mUser Load (0.2ms)[0m   [0mSELECT * FROM `users` WHERE (`users`.`persistence_token` = '15ddae1aeb173b60a2be76ab5fa978fb2df1890ad2d06c30e17d25d7a44db9fea4a1ddda1659249916770d75bd60df2d9252a9dec81ea01a64cd55302a14a4cb') LIMIT 1[0m
Completed in 15ms (View: 5, DB: 2) | 200 OK [http://0.0.0.0/]
  [4;36;1mSQL (0.1ms)[0m   [0;1mSET NAMES 'utf8'[0m
  [4;35;1mSQL (0.3ms)[0m   [0mSET SQL_AUTO_IS_NULL=0[0m


Processing UserSessionsController#destroy (for 127.0.0.1 at 2009-07-24 15:54:49) [GET]
  [4;36;1mUser Columns (1.2ms)[0m   [0;1mSHOW FIELDS FROM `users`[0m
  [4;35;1mUser Load (0.2ms)[0m   [0mSELECT * FROM `users` WHERE (`users`.`persistence_token` = '15ddae1aeb173b60a2be76ab5fa978fb2df1890ad2d06c30e17d25d7a44db9fea4a1ddda1659249916770d75bd60df2d9252a9dec81ea01a64cd55302a14a4cb') LIMIT 1[0m
Redirected to http://0.0.0.0:3000/
Completed in 12ms (DB: 2) | 302 Found [http://0.0.0.0/logout]
  [4;36;1mSQL (0.1ms)[0m   [0;1mSET NAMES 'utf8'[0m
  [4;35;1mSQL (0.1ms)[0m   [0mSET SQL_AUTO_IS_NULL=0[0m


Processing UserSessionsController#new (for 127.0.0.1 at 2009-07-24 15:54:49) [GET]
  [4;36;1mUser Columns (1.3ms)[0m   [0;1mSHOW FIELDS FROM `users`[0m
Rendering template within layouts/application
Rendering user_sessions/new
Completed in 12ms (View: 3, DB: 1) | 200 OK [http://0.0.0.0/]
  [4;35;1mSQL (0.1ms)[0m   [0mSET NAMES 'utf8'[0m
  [4;36;1mSQL (0.1ms)[0m   [0;1mSET SQL_AUTO_IS_NULL=0[0m


Processing UserSessionsController#create (for 127.0.0.1 at 2009-07-24 15:54:58) [POST]
  Parameters: {"commit"=>"Submit", "user_session"=>{"username"=>"", "openid_identifier"=>"cdubd10.pip.verisignlabs.com ", "password"=>""}, "authenticity_token"=>"TDoXcmOa/9nTrnM1wZ4llsuQ1vAgu3Y0gm2LbehWs3M="}
  [4;35;1mUser Columns (20.8ms)[0m   [0mSHOW FIELDS FROM `users`[0m
  [4;36;1mOpenIdAuthentication::Association Load (0.3ms)[0m   [0;1mSELECT * FROM `open_id_authentication_associations` WHERE (`open_id_authentication_associations`.`server_url` = 'http://pip.verisignlabs.com/server') [0m
Generated checkid_setup request to http://pip.verisignlabs.com/server with assocication e97f3050-78a4-11de-ae57-d18d9d22b4fc
Redirected to http://pip.verisignlabs.com/server?openid.assoc_handle=e97f3050-78a4-11de-ae57-d18d9d22b4fc&openid.ax.mode=fetch_request&openid.claimed_id=http%3A%2F%2Fcdubd10.pip.verisignlabs.com%2F&openid.identity=http%3A%2F%2Fcdubd10.pip.verisignlabs.com%2F&openid.mode=checkid_setup&openid.ns=http%3A%2F%2Fspecs.openid.net%2Fauth%2F2.0&openid.ns.ax=http%3A%2F%2Fopenid.net%2Fsrv%2Fax%2F1.0&openid.ns.sreg=http%3A%2F%2Fopenid.net%2Fextensions%2Fsreg%2F1.1&openid.realm=http%3A%2F%2F0.0.0.0%3A3000%2F&openid.return_to=http%3A%2F%2F0.0.0.0%3A3000%2Fuser_sessions%3Ffor_session%3D1%26_method%3Dpost%26open_id_complete%3D1
Completed in 346ms (DB: 21) | 302 Found [http://0.0.0.0/user_sessions]
  [4;35;1mSQL (0.1ms)[0m   [0mSET NAMES 'utf8'[0m
  [4;36;1mSQL (0.1ms)[0m   [0;1mSET SQL_AUTO_IS_NULL=0[0m


Processing UserSessionsController#create (for 127.0.0.1 at 2009-07-24 15:54:59) [POST]
  Parameters: {"openid.mode"=>"id_res", "openid.claimed_id"=>"http://cdubd10.pip.verisignlabs.com/", "openid.sig"=>"dZ5hls6uPkOWasOmd0bM1n/O1jc=", "openid.return_to"=>"http://0.0.0.0:3000/user_sessions?for_session=1&_method=post&open_id_complete=1", "openid.ns"=>"http://specs.openid.net/auth/2.0", "openid.op_endpoint"=>"http://pip.verisignlabs.com/server", "for_session"=>"1", "openid.response_nonce"=>"2009-07-24T22:54:59Zkhdmnw==", "openid.pape.nist_auth_level"=>"0", "openid.identity"=>"http://cdubd10.pip.verisignlabs.com/", "open_id_complete"=>"1", "openid.pape.auth_policies"=>"http://schemas.openid.net/pape/policies/2007/06/phishing-resistant", "openid.assoc_handle"=>"e97f3050-78a4-11de-ae57-d18d9d22b4fc", "openid.signed"=>"assoc_handle,identity,response_nonce,return_to,claimed_id,op_endpoint,ns.pape,pape.auth_policies,pape.auth_time,pape.nist_auth_level", "openid.pape.auth_time"=>"2009-07-24T22:52:17Z", "openid.ns.pape"=>"http://specs.openid.net/extensions/pape/1.0"}
  [4;35;1mUser Columns (1.3ms)[0m   [0mSHOW FIELDS FROM `users`[0m
  [4;36;1mOpenIdAuthentication::Association Load (0.3ms)[0m   [0;1mSELECT * FROM `open_id_authentication_associations` WHERE (`open_id_authentication_associations`.`handle` = 'e97f3050-78a4-11de-ae57-d18d9d22b4fc' AND `open_id_authentication_associations`.`server_url` = 'http://pip.verisignlabs.com/server') [0m
  [4;35;1mOpenIdAuthentication::Nonce Load (0.1ms)[0m   [0mSELECT * FROM `open_id_authentication_nonces` WHERE (`open_id_authentication_nonces`.`salt` = 'khdmnw==' AND `open_id_authentication_nonces`.`server_url` = 'http://pip.verisignlabs.com/server' AND `open_id_authentication_nonces`.`timestamp` = 1248476099) LIMIT 1[0m
  [4;36;1mSQL (0.1ms)[0m   [0;1mBEGIN[0m
  [4;35;1mOpenIdAuthentication::Nonce Create (0.1ms)[0m   [0mINSERT INTO `open_id_authentication_nonces` (`timestamp`, `salt`, `server_url`) VALUES(1248476099, 'khdmnw==', 'http://pip.verisignlabs.com/server')[0m
  [4;36;1mSQL (0.5ms)[0m   [0;1mCOMMIT[0m
  [4;35;1mUser Load (0.1ms)[0m   [0mSELECT * FROM `users` WHERE (`users`.`openid_identifier` = 'http://cdubd10.pip.verisignlabs.com/') LIMIT 1[0m
  [4;36;1mSQL (0.1ms)[0m   [0;1mBEGIN[0m
  [4;35;1mUser Update (0.2ms)[0m   [0mUPDATE `users` SET `last_login_ip` = '127.0.0.1', `updated_at` = '2009-07-24 22:54:59' WHERE `id` = 2[0m
  [4;36;1mSQL (21.8ms)[0m   [0;1mCOMMIT[0m
Redirected to http://0.0.0.0:3000/
Completed in 94ms (DB: 25) | 302 Found [http://0.0.0.0/user_sessions?for_session=1&_method=post&open_id_complete=1&openid.assoc_handle=e97f3050-78a4-11de-ae57-d18d9d22b4fc&openid.response_nonce=2009-07-24T22%3A54%3A59Zkhdmnw%3D%3D&openid.pape.nist_auth_level=0&openid.ns=http%3A%2F%2Fspecs.openid.net%2Fauth%2F2.0&openid.mode=id_res&openid.op_endpoint=http%3A%2F%2Fpip.verisignlabs.com%2Fserver&openid.claimed_id=http%3A%2F%2Fcdubd10.pip.verisignlabs.com%2F&openid.sig=dZ5hls6uPkOWasOmd0bM1n%2FO1jc%3D&openid.pape.auth_policies=http%3A%2F%2Fschemas.openid.net%2Fpape%2Fpolicies%2F2007%2F06%2Fphishing-resistant&openid.identity=http%3A%2F%2Fcdubd10.pip.verisignlabs.com%2F&openid.ns.pape=http%3A%2F%2Fspecs.openid.net%2Fextensions%2Fpape%2F1.0&openid.signed=assoc_handle%2Cidentity%2Cresponse_nonce%2Creturn_to%2Cclaimed_id%2Cop_endpoint%2Cns.pape%2Cpape.auth_policies%2Cpape.auth_time%2Cpape.nist_auth_level&openid.pape.auth_time=2009-07-24T22%3A52%3A17Z&openid.return_to=http%3A%2F%2F0.0.0.0%3A3000%2Fuser_sessions%3Ffor_session%3D1%26_method%3Dpost%26open_id_complete%3D1]
  [4;35;1mSQL (0.1ms)[0m   [0mSET NAMES 'utf8'[0m
  [4;36;1mSQL (0.1ms)[0m   [0;1mSET SQL_AUTO_IS_NULL=0[0m


Processing UserSessionsController#new (for 127.0.0.1 at 2009-07-24 15:54:59) [GET]
  [4;35;1mUser Columns (1.4ms)[0m   [0mSHOW FIELDS FROM `users`[0m
Rendering template within layouts/application
Rendering user_sessions/new
  [4;36;1mUser Load (0.4ms)[0m   [0;1mSELECT * FROM `users` WHERE (`users`.`id` = '2') LIMIT 1[0m
Completed in 18ms (View: 7, DB: 2) | 200 OK [http://0.0.0.0/]
  [4;35;1mSQL (0.1ms)[0m   [0mSET NAMES 'utf8'[0m
  [4;36;1mSQL (0.1ms)[0m   [0;1mSET SQL_AUTO_IS_NULL=0[0m


Processing UserSessionsController#destroy (for 127.0.0.1 at 2009-07-24 15:58:04) [GET]
  [4;35;1mUser Columns (1.3ms)[0m   [0mSHOW FIELDS FROM `users`[0m
  [4;36;1mUser Load (0.2ms)[0m   [0;1mSELECT * FROM `users` WHERE (`users`.`id` = '2') LIMIT 1[0m
Redirected to http://0.0.0.0:3000/
Completed in 13ms (DB: 2) | 302 Found [http://0.0.0.0/logout]
  [4;35;1mSQL (0.1ms)[0m   [0mSET NAMES 'utf8'[0m
  [4;36;1mSQL (0.1ms)[0m   [0;1mSET SQL_AUTO_IS_NULL=0[0m


Processing UserSessionsController#new (for 127.0.0.1 at 2009-07-24 15:58:04) [GET]
  [4;35;1mUser Columns (7.5ms)[0m   [0mSHOW FIELDS FROM `users`[0m
Rendering template within layouts/application
Rendering user_sessions/new
Completed in 20ms (View: 3, DB: 8) | 200 OK [http://0.0.0.0/]
  [4;36;1mSQL (0.1ms)[0m   [0;1mSET NAMES 'utf8'[0m
  [4;35;1mSQL (0.1ms)[0m   [0mSET SQL_AUTO_IS_NULL=0[0m


Processing UserSessionsController#create (for 127.0.0.1 at 2009-07-24 15:58:13) [POST]
  Parameters: {"commit"=>"Submit", "user_session"=>{"username"=>"", "openid_identifier"=>"cdubd10.pip.verisignlabs.com ", "password"=>""}, "authenticity_token"=>"TDoXcmOa/9nTrnM1wZ4llsuQ1vAgu3Y0gm2LbehWs3M="}
  [4;36;1mUser Columns (19.2ms)[0m   [0;1mSHOW FIELDS FROM `users`[0m
  [4;35;1mOpenIdAuthentication::Association Load (0.3ms)[0m   [0mSELECT * FROM `open_id_authentication_associations` WHERE (`open_id_authentication_associations`.`server_url` = 'http://pip.verisignlabs.com/server') [0m
Generated checkid_setup request to http://pip.verisignlabs.com/server with assocication e97f3050-78a4-11de-ae57-d18d9d22b4fc
Redirected to http://pip.verisignlabs.com/server?openid.assoc_handle=e97f3050-78a4-11de-ae57-d18d9d22b4fc&openid.ax.mode=fetch_request&openid.claimed_id=http%3A%2F%2Fcdubd10.pip.verisignlabs.com%2F&openid.identity=http%3A%2F%2Fcdubd10.pip.verisignlabs.com%2F&openid.mode=checkid_setup&openid.ns=http%3A%2F%2Fspecs.openid.net%2Fauth%2F2.0&openid.ns.ax=http%3A%2F%2Fopenid.net%2Fsrv%2Fax%2F1.0&openid.ns.sreg=http%3A%2F%2Fopenid.net%2Fextensions%2Fsreg%2F1.1&openid.realm=http%3A%2F%2F0.0.0.0%3A3000%2F&openid.return_to=http%3A%2F%2F0.0.0.0%3A3000%2Fuser_sessions%3Ffor_session%3D1%26_method%3Dpost%26open_id_complete%3D1
Completed in 345ms (DB: 20) | 302 Found [http://0.0.0.0/user_sessions]
  [4;36;1mSQL (0.1ms)[0m   [0;1mSET NAMES 'utf8'[0m
  [4;35;1mSQL (0.1ms)[0m   [0mSET SQL_AUTO_IS_NULL=0[0m


Processing UserSessionsController#create (for 127.0.0.1 at 2009-07-24 15:58:14) [POST]
  Parameters: {"openid.mode"=>"id_res", "openid.claimed_id"=>"http://cdubd10.pip.verisignlabs.com/", "openid.sig"=>"EF8kufOZc/qyAvw/FKmRMqTmFZw=", "openid.return_to"=>"http://0.0.0.0:3000/user_sessions?for_session=1&_method=post&open_id_complete=1", "openid.ns"=>"http://specs.openid.net/auth/2.0", "openid.op_endpoint"=>"http://pip.verisignlabs.com/server", "for_session"=>"1", "openid.response_nonce"=>"2009-07-24T22:58:14Z0ZlLvA==", "openid.pape.nist_auth_level"=>"0", "openid.identity"=>"http://cdubd10.pip.verisignlabs.com/", "open_id_complete"=>"1", "openid.pape.auth_policies"=>"http://schemas.openid.net/pape/policies/2007/06/phishing-resistant", "openid.assoc_handle"=>"e97f3050-78a4-11de-ae57-d18d9d22b4fc", "openid.signed"=>"assoc_handle,identity,response_nonce,return_to,claimed_id,op_endpoint,ns.pape,pape.auth_policies,pape.auth_time,pape.nist_auth_level", "openid.pape.auth_time"=>"2009-07-24T22:52:17Z", "openid.ns.pape"=>"http://specs.openid.net/extensions/pape/1.0"}
  [4;36;1mUser Columns (1.2ms)[0m   [0;1mSHOW FIELDS FROM `users`[0m
  [4;35;1mOpenIdAuthentication::Association Load (0.2ms)[0m   [0mSELECT * FROM `open_id_authentication_associations` WHERE (`open_id_authentication_associations`.`handle` = 'e97f3050-78a4-11de-ae57-d18d9d22b4fc' AND `open_id_authentication_associations`.`server_url` = 'http://pip.verisignlabs.com/server') [0m
  [4;36;1mOpenIdAuthentication::Nonce Load (0.1ms)[0m   [0;1mSELECT * FROM `open_id_authentication_nonces` WHERE (`open_id_authentication_nonces`.`salt` = '0ZlLvA==' AND `open_id_authentication_nonces`.`server_url` = 'http://pip.verisignlabs.com/server' AND `open_id_authentication_nonces`.`timestamp` = 1248476294) LIMIT 1[0m
  [4;35;1mSQL (0.0ms)[0m   [0mBEGIN[0m
  [4;36;1mOpenIdAuthentication::Nonce Create (0.1ms)[0m   [0;1mINSERT INTO `open_id_authentication_nonces` (`timestamp`, `salt`, `server_url`) VALUES(1248476294, '0ZlLvA==', 'http://pip.verisignlabs.com/server')[0m
  [4;35;1mSQL (0.7ms)[0m   [0mCOMMIT[0m
  [4;36;1mUser Load (0.2ms)[0m   [0;1mSELECT * FROM `users` WHERE (`users`.`openid_identifier` = 'http://cdubd10.pip.verisignlabs.com/') LIMIT 1[0m
Redirected to http://0.0.0.0:3000/
Completed in 18ms (DB: 3) | 302 Found [http://0.0.0.0/user_sessions?for_session=1&_method=post&open_id_complete=1&openid.assoc_handle=e97f3050-78a4-11de-ae57-d18d9d22b4fc&openid.response_nonce=2009-07-24T22%3A58%3A14Z0ZlLvA%3D%3D&openid.pape.nist_auth_level=0&openid.ns=http%3A%2F%2Fspecs.openid.net%2Fauth%2F2.0&openid.mode=id_res&openid.op_endpoint=http%3A%2F%2Fpip.verisignlabs.com%2Fserver&openid.claimed_id=http%3A%2F%2Fcdubd10.pip.verisignlabs.com%2F&openid.sig=EF8kufOZc%2FqyAvw%2FFKmRMqTmFZw%3D&openid.pape.auth_policies=http%3A%2F%2Fschemas.openid.net%2Fpape%2Fpolicies%2F2007%2F06%2Fphishing-resistant&openid.identity=http%3A%2F%2Fcdubd10.pip.verisignlabs.com%2F&openid.ns.pape=http%3A%2F%2Fspecs.openid.net%2Fextensions%2Fpape%2F1.0&openid.signed=assoc_handle%2Cidentity%2Cresponse_nonce%2Creturn_to%2Cclaimed_id%2Cop_endpoint%2Cns.pape%2Cpape.auth_policies%2Cpape.auth_time%2Cpape.nist_auth_level&openid.pape.auth_time=2009-07-24T22%3A52%3A17Z&openid.return_to=http%3A%2F%2F0.0.0.0%3A3000%2Fuser_sessions%3Ffor_session%3D1%26_method%3Dpost%26open_id_complete%3D1]
  [4;35;1mSQL (0.1ms)[0m   [0mSET NAMES 'utf8'[0m
  [4;36;1mSQL (0.1ms)[0m   [0;1mSET SQL_AUTO_IS_NULL=0[0m


Processing UserSessionsController#new (for 127.0.0.1 at 2009-07-24 15:58:14) [GET]
  [4;35;1mUser Columns (1.2ms)[0m   [0mSHOW FIELDS FROM `users`[0m
Rendering template within layouts/application
Rendering user_sessions/new
  [4;36;1mUser Load (0.3ms)[0m   [0;1mSELECT * FROM `users` WHERE (`users`.`id` = '2') LIMIT 1[0m
Completed in 68ms (View: 5, DB: 2) | 200 OK [http://0.0.0.0/]
  [4;35;1mSQL (0.1ms)[0m   [0mSET NAMES 'utf8'[0m
  [4;36;1mSQL (0.1ms)[0m   [0;1mSET SQL_AUTO_IS_NULL=0[0m


Processing UserSessionsController#create (for 127.0.0.1 at 2009-07-24 15:58:29) [POST]
  Parameters: {"commit"=>"Submit", "user_session"=>{"username"=>"casen", "openid_identifier"=>"", "password"=>"buttbam"}, "authenticity_token"=>"TDoXcmOa/9nTrnM1wZ4llsuQ1vAgu3Y0gm2LbehWs3M="}
  [4;35;1mUser Columns (2.0ms)[0m   [0mSHOW FIELDS FROM `users`[0m
  [4;36;1mUser Load (5.1ms)[0m   [0;1mSELECT * FROM `users` WHERE (LOWER(`users`.username) = 'casen') LIMIT 1[0m
Redirected to http://0.0.0.0:3000/
Completed in 23ms (DB: 7) | 302 Found [http://0.0.0.0/user_sessions]
  [4;35;1mSQL (0.1ms)[0m   [0mSET NAMES 'utf8'[0m
  [4;36;1mSQL (0.1ms)[0m   [0;1mSET SQL_AUTO_IS_NULL=0[0m


Processing UserSessionsController#new (for 127.0.0.1 at 2009-07-24 15:58:29) [GET]
  [4;35;1mUser Columns (1.4ms)[0m   [0mSHOW FIELDS FROM `users`[0m
Rendering template within layouts/application
Rendering user_sessions/new
  [4;36;1mUser Load (0.2ms)[0m   [0;1mSELECT * FROM `users` WHERE (`users`.`id` = '1') LIMIT 1[0m
Completed in 15ms (View: 5, DB: 2) | 200 OK [http://0.0.0.0/]
  [4;35;1mSQL (0.1ms)[0m   [0mSET NAMES 'utf8'[0m
  [4;36;1mSQL (0.1ms)[0m   [0;1mSET SQL_AUTO_IS_NULL=0[0m


Processing UserSessionsController#destroy (for 127.0.0.1 at 2009-07-24 15:58:32) [GET]
  [4;35;1mUser Columns (1.3ms)[0m   [0mSHOW FIELDS FROM `users`[0m
  [4;36;1mUser Load (0.2ms)[0m   [0;1mSELECT * FROM `users` WHERE (`users`.`id` = '1') LIMIT 1[0m
Redirected to http://0.0.0.0:3000/
Completed in 13ms (DB: 2) | 302 Found [http://0.0.0.0/logout]
  [4;35;1mSQL (0.1ms)[0m   [0mSET NAMES 'utf8'[0m
  [4;36;1mSQL (0.1ms)[0m   [0;1mSET SQL_AUTO_IS_NULL=0[0m


Processing UserSessionsController#new (for 127.0.0.1 at 2009-07-24 15:58:32) [GET]
  [4;35;1mUser Columns (8.2ms)[0m   [0mSHOW FIELDS FROM `users`[0m
Rendering template within layouts/application
Rendering user_sessions/new
Completed in 19ms (View: 3, DB: 8) | 200 OK [http://0.0.0.0/]
  [4;36;1mSQL (0.1ms)[0m   [0;1mSET NAMES 'utf8'[0m
  [4;35;1mSQL (0.1ms)[0m   [0mSET SQL_AUTO_IS_NULL=0[0m


Processing UserSessionsController#create (for 127.0.0.1 at 2009-07-24 15:59:18) [POST]
  Parameters: {"commit"=>"Submit", "user_session"=>{"username"=>"", "openid_identifier"=>"cdubd10.pip.verisignlabs.com ", "password"=>""}, "authenticity_token"=>"TDoXcmOa/9nTrnM1wZ4llsuQ1vAgu3Y0gm2LbehWs3M="}
  [4;36;1mUser Columns (1.5ms)[0m   [0;1mSHOW FIELDS FROM `users`[0m
  [4;35;1mOpenIdAuthentication::Association Load (0.3ms)[0m   [0mSELECT * FROM `open_id_authentication_associations` WHERE (`open_id_authentication_associations`.`server_url` = 'http://pip.verisignlabs.com/server') [0m
Generated checkid_setup request to http://pip.verisignlabs.com/server with assocication e97f3050-78a4-11de-ae57-d18d9d22b4fc
Redirected to http://pip.verisignlabs.com/server?openid.assoc_handle=e97f3050-78a4-11de-ae57-d18d9d22b4fc&openid.ax.mode=fetch_request&openid.claimed_id=http%3A%2F%2Fcdubd10.pip.verisignlabs.com%2F&openid.identity=http%3A%2F%2Fcdubd10.pip.verisignlabs.com%2F&openid.mode=checkid_setup&openid.ns=http%3A%2F%2Fspecs.openid.net%2Fauth%2F2.0&openid.ns.ax=http%3A%2F%2Fopenid.net%2Fsrv%2Fax%2F1.0&openid.ns.sreg=http%3A%2F%2Fopenid.net%2Fextensions%2Fsreg%2F1.1&openid.realm=http%3A%2F%2F0.0.0.0%3A3000%2F&openid.return_to=http%3A%2F%2F0.0.0.0%3A3000%2Fuser_sessions%3Ffor_session%3D1%26_method%3Dpost%26open_id_complete%3D1
Completed in 337ms (DB: 2) | 302 Found [http://0.0.0.0/user_sessions]
  [4;36;1mSQL (0.1ms)[0m   [0;1mSET NAMES 'utf8'[0m
  [4;35;1mSQL (0.1ms)[0m   [0mSET SQL_AUTO_IS_NULL=0[0m


Processing UserSessionsController#create (for 127.0.0.1 at 2009-07-24 15:59:19) [POST]
  Parameters: {"openid.mode"=>"id_res", "openid.claimed_id"=>"http://cdubd10.pip.verisignlabs.com/", "openid.sig"=>"xZ8Avy7DQ+xmMl7TazwEgiSkE98=", "openid.return_to"=>"http://0.0.0.0:3000/user_sessions?for_session=1&_method=post&open_id_complete=1", "openid.ns"=>"http://specs.openid.net/auth/2.0", "openid.op_endpoint"=>"http://pip.verisignlabs.com/server", "for_session"=>"1", "openid.response_nonce"=>"2009-07-24T22:59:19Zbxyerg==", "openid.pape.nist_auth_level"=>"0", "openid.identity"=>"http://cdubd10.pip.verisignlabs.com/", "open_id_complete"=>"1", "openid.pape.auth_policies"=>"http://schemas.openid.net/pape/policies/2007/06/phishing-resistant", "openid.assoc_handle"=>"e97f3050-78a4-11de-ae57-d18d9d22b4fc", "openid.signed"=>"assoc_handle,identity,response_nonce,return_to,claimed_id,op_endpoint,ns.pape,pape.auth_policies,pape.auth_time,pape.nist_auth_level", "openid.pape.auth_time"=>"2009-07-24T22:52:17Z", "openid.ns.pape"=>"http://specs.openid.net/extensions/pape/1.0"}
  [4;36;1mUser Columns (1.3ms)[0m   [0;1mSHOW FIELDS FROM `users`[0m
  [4;35;1mOpenIdAuthentication::Association Load (0.2ms)[0m   [0mSELECT * FROM `open_id_authentication_associations` WHERE (`open_id_authentication_associations`.`handle` = 'e97f3050-78a4-11de-ae57-d18d9d22b4fc' AND `open_id_authentication_associations`.`server_url` = 'http://pip.verisignlabs.com/server') [0m
  [4;36;1mOpenIdAuthentication::Nonce Load (0.1ms)[0m   [0;1mSELECT * FROM `open_id_authentication_nonces` WHERE (`open_id_authentication_nonces`.`salt` = 'bxyerg==' AND `open_id_authentication_nonces`.`server_url` = 'http://pip.verisignlabs.com/server' AND `open_id_authentication_nonces`.`timestamp` = 1248476359) LIMIT 1[0m
  [4;35;1mSQL (0.1ms)[0m   [0mBEGIN[0m
  [4;36;1mOpenIdAuthentication::Nonce Create (0.1ms)[0m   [0;1mINSERT INTO `open_id_authentication_nonces` (`timestamp`, `salt`, `server_url`) VALUES(1248476359, 'bxyerg==', 'http://pip.verisignlabs.com/server')[0m
  [4;35;1mSQL (0.4ms)[0m   [0mCOMMIT[0m
  [4;36;1mUser Load (0.3ms)[0m   [0;1mSELECT * FROM `users` WHERE (`users`.`openid_identifier` = 'http://cdubd10.pip.verisignlabs.com/') LIMIT 1[0m
Redirected to http://0.0.0.0:3000/
Completed in 70ms (DB: 3) | 302 Found [http://0.0.0.0/user_sessions?for_session=1&_method=post&open_id_complete=1&openid.assoc_handle=e97f3050-78a4-11de-ae57-d18d9d22b4fc&openid.response_nonce=2009-07-24T22%3A59%3A19Zbxyerg%3D%3D&openid.pape.nist_auth_level=0&openid.ns=http%3A%2F%2Fspecs.openid.net%2Fauth%2F2.0&openid.mode=id_res&openid.op_endpoint=http%3A%2F%2Fpip.verisignlabs.com%2Fserver&openid.claimed_id=http%3A%2F%2Fcdubd10.pip.verisignlabs.com%2F&openid.sig=xZ8Avy7DQ%2BxmMl7TazwEgiSkE98%3D&openid.pape.auth_policies=http%3A%2F%2Fschemas.openid.net%2Fpape%2Fpolicies%2F2007%2F06%2Fphishing-resistant&openid.identity=http%3A%2F%2Fcdubd10.pip.verisignlabs.com%2F&openid.ns.pape=http%3A%2F%2Fspecs.openid.net%2Fextensions%2Fpape%2F1.0&openid.signed=assoc_handle%2Cidentity%2Cresponse_nonce%2Creturn_to%2Cclaimed_id%2Cop_endpoint%2Cns.pape%2Cpape.auth_policies%2Cpape.auth_time%2Cpape.nist_auth_level&openid.pape.auth_time=2009-07-24T22%3A52%3A17Z&openid.return_to=http%3A%2F%2F0.0.0.0%3A3000%2Fuser_sessions%3Ffor_session%3D1%26_method%3Dpost%26open_id_complete%3D1]
  [4;35;1mSQL (0.1ms)[0m   [0mSET NAMES 'utf8'[0m
  [4;36;1mSQL (0.1ms)[0m   [0;1mSET SQL_AUTO_IS_NULL=0[0m


Processing UserSessionsController#new (for 127.0.0.1 at 2009-07-24 15:59:19) [GET]
  [4;35;1mUser Columns (1.2ms)[0m   [0mSHOW FIELDS FROM `users`[0m
Rendering template within layouts/application
Rendering user_sessions/new
  [4;36;1mUser Load (0.3ms)[0m   [0;1mSELECT * FROM `users` WHERE (`users`.`id` = '2') LIMIT 1[0m
Completed in 17ms (View: 8, DB: 2) | 200 OK [http://0.0.0.0/]
  [4;35;1mSQL (0.1ms)[0m   [0mSET NAMES 'utf8'[0m
  [4;36;1mSQL (0.1ms)[0m   [0;1mSET SQL_AUTO_IS_NULL=0[0m


Processing UserSessionsController#destroy (for 127.0.0.1 at 2009-07-24 15:59:22) [GET]
  [4;35;1mUser Columns (1.3ms)[0m   [0mSHOW FIELDS FROM `users`[0m
  [4;36;1mUser Load (0.2ms)[0m   [0;1mSELECT * FROM `users` WHERE (`users`.`id` = '2') LIMIT 1[0m
Redirected to http://0.0.0.0:3000/
Completed in 13ms (DB: 2) | 302 Found [http://0.0.0.0/logout]
  [4;35;1mSQL (0.1ms)[0m   [0mSET NAMES 'utf8'[0m
  [4;36;1mSQL (0.1ms)[0m   [0;1mSET SQL_AUTO_IS_NULL=0[0m


Processing UserSessionsController#new (for 127.0.0.1 at 2009-07-24 15:59:22) [GET]
  [4;35;1mUser Columns (1.2ms)[0m   [0mSHOW FIELDS FROM `users`[0m
Rendering template within layouts/application
Rendering user_sessions/new
Completed in 12ms (View: 3, DB: 1) | 200 OK [http://0.0.0.0/]
  [4;36;1mSQL (0.1ms)[0m   [0;1mSET NAMES 'utf8'[0m
  [4;35;1mSQL (0.1ms)[0m   [0mSET SQL_AUTO_IS_NULL=0[0m


Processing UserSessionsController#new (for 127.0.0.1 at 2009-07-24 15:59:26) [GET]
  [4;36;1mUser Columns (1.3ms)[0m   [0;1mSHOW FIELDS FROM `users`[0m
Rendering template within layouts/application
Rendering user_sessions/new
Completed in 13ms (View: 4, DB: 1) | 200 OK [http://0.0.0.0/]
  [4;35;1mSQL (0.1ms)[0m   [0mSET NAMES 'utf8'[0m
  [4;36;1mSQL (0.1ms)[0m   [0;1mSET SQL_AUTO_IS_NULL=0[0m


Processing UserSessionsController#create (for 127.0.0.1 at 2009-07-24 15:59:36) [POST]
  Parameters: {"commit"=>"Submit", "user_session"=>{"username"=>"", "openid_identifier"=>"cdubd10.pip.verisignlabs.com ", "password"=>""}, "authenticity_token"=>"TDoXcmOa/9nTrnM1wZ4llsuQ1vAgu3Y0gm2LbehWs3M="}
  [4;35;1mUser Columns (2.2ms)[0m   [0mSHOW FIELDS FROM `users`[0m
  [4;36;1mOpenIdAuthentication::Association Load (0.3ms)[0m   [0;1mSELECT * FROM `open_id_authentication_associations` WHERE (`open_id_authentication_associations`.`server_url` = 'http://pip.verisignlabs.com/server') [0m
Generated checkid_setup request to http://pip.verisignlabs.com/server with assocication e97f3050-78a4-11de-ae57-d18d9d22b4fc
Redirected to http://pip.verisignlabs.com/server?openid.assoc_handle=e97f3050-78a4-11de-ae57-d18d9d22b4fc&openid.ax.mode=fetch_request&openid.claimed_id=http%3A%2F%2Fcdubd10.pip.verisignlabs.com%2F&openid.identity=http%3A%2F%2Fcdubd10.pip.verisignlabs.com%2F&openid.mode=checkid_setup&openid.ns=http%3A%2F%2Fspecs.openid.net%2Fauth%2F2.0&openid.ns.ax=http%3A%2F%2Fopenid.net%2Fsrv%2Fax%2F1.0&openid.ns.sreg=http%3A%2F%2Fopenid.net%2Fextensions%2Fsreg%2F1.1&openid.realm=http%3A%2F%2F0.0.0.0%3A3000%2F&openid.return_to=http%3A%2F%2F0.0.0.0%3A3000%2Fuser_sessions%3Ffor_session%3D1%26_method%3Dpost%26open_id_complete%3D1
Completed in 320ms (DB: 3) | 302 Found [http://0.0.0.0/user_sessions]
  [4;35;1mSQL (0.1ms)[0m   [0mSET NAMES 'utf8'[0m
  [4;36;1mSQL (0.1ms)[0m   [0;1mSET SQL_AUTO_IS_NULL=0[0m


Processing UserSessionsController#create (for 127.0.0.1 at 2009-07-24 15:59:38) [POST]
  Parameters: {"openid.mode"=>"id_res", "openid.claimed_id"=>"http://cdubd10.pip.verisignlabs.com/", "openid.sig"=>"PH1s/BGUYOYeoSPAI6U0OYzZaIM=", "openid.return_to"=>"http://0.0.0.0:3000/user_sessions?for_session=1&_method=post&open_id_complete=1", "openid.ns"=>"http://specs.openid.net/auth/2.0", "openid.op_endpoint"=>"http://pip.verisignlabs.com/server", "for_session"=>"1", "openid.response_nonce"=>"2009-07-24T22:59:37ZisWHqQ==", "openid.pape.nist_auth_level"=>"0", "openid.identity"=>"http://cdubd10.pip.verisignlabs.com/", "open_id_complete"=>"1", "openid.pape.auth_policies"=>"http://schemas.openid.net/pape/policies/2007/06/phishing-resistant", "openid.assoc_handle"=>"e97f3050-78a4-11de-ae57-d18d9d22b4fc", "openid.signed"=>"assoc_handle,identity,response_nonce,return_to,claimed_id,op_endpoint,ns.pape,pape.auth_policies,pape.auth_time,pape.nist_auth_level", "openid.pape.auth_time"=>"2009-07-24T22:52:17Z", "openid.ns.pape"=>"http://specs.openid.net/extensions/pape/1.0"}
  [4;35;1mUser Columns (1.2ms)[0m   [0mSHOW FIELDS FROM `users`[0m
  [4;36;1mOpenIdAuthentication::Association Load (0.2ms)[0m   [0;1mSELECT * FROM `open_id_authentication_associations` WHERE (`open_id_authentication_associations`.`handle` = 'e97f3050-78a4-11de-ae57-d18d9d22b4fc' AND `open_id_authentication_associations`.`server_url` = 'http://pip.verisignlabs.com/server') [0m
  [4;35;1mOpenIdAuthentication::Nonce Load (0.1ms)[0m   [0mSELECT * FROM `open_id_authentication_nonces` WHERE (`open_id_authentication_nonces`.`salt` = 'isWHqQ==' AND `open_id_authentication_nonces`.`server_url` = 'http://pip.verisignlabs.com/server' AND `open_id_authentication_nonces`.`timestamp` = 1248476377) LIMIT 1[0m
  [4;36;1mSQL (0.1ms)[0m   [0;1mBEGIN[0m
  [4;35;1mOpenIdAuthentication::Nonce Create (0.1ms)[0m   [0mINSERT INTO `open_id_authentication_nonces` (`timestamp`, `salt`, `server_url`) VALUES(1248476377, 'isWHqQ==', 'http://pip.verisignlabs.com/server')[0m
  [4;36;1mSQL (0.5ms)[0m   [0;1mCOMMIT[0m
  [4;35;1mUser Load (0.1ms)[0m   [0mSELECT * FROM `users` WHERE (`users`.`openid_identifier` = 'http://cdubd10.pip.verisignlabs.com/') LIMIT 1[0m
Redirected to http://0.0.0.0:3000/
Completed in 17ms (DB: 3) | 302 Found [http://0.0.0.0/user_sessions?for_session=1&_method=post&open_id_complete=1&openid.assoc_handle=e97f3050-78a4-11de-ae57-d18d9d22b4fc&openid.response_nonce=2009-07-24T22%3A59%3A37ZisWHqQ%3D%3D&openid.pape.nist_auth_level=0&openid.ns=http%3A%2F%2Fspecs.openid.net%2Fauth%2F2.0&openid.mode=id_res&openid.op_endpoint=http%3A%2F%2Fpip.verisignlabs.com%2Fserver&openid.claimed_id=http%3A%2F%2Fcdubd10.pip.verisignlabs.com%2F&openid.sig=PH1s%2FBGUYOYeoSPAI6U0OYzZaIM%3D&openid.pape.auth_policies=http%3A%2F%2Fschemas.openid.net%2Fpape%2Fpolicies%2F2007%2F06%2Fphishing-resistant&openid.identity=http%3A%2F%2Fcdubd10.pip.verisignlabs.com%2F&openid.ns.pape=http%3A%2F%2Fspecs.openid.net%2Fextensions%2Fpape%2F1.0&openid.signed=assoc_handle%2Cidentity%2Cresponse_nonce%2Creturn_to%2Cclaimed_id%2Cop_endpoint%2Cns.pape%2Cpape.auth_policies%2Cpape.auth_time%2Cpape.nist_auth_level&openid.pape.auth_time=2009-07-24T22%3A52%3A17Z&openid.return_to=http%3A%2F%2F0.0.0.0%3A3000%2Fuser_sessions%3Ffor_session%3D1%26_method%3Dpost%26open_id_complete%3D1]
  [4;36;1mSQL (0.1ms)[0m   [0;1mSET NAMES 'utf8'[0m
  [4;35;1mSQL (0.1ms)[0m   [0mSET SQL_AUTO_IS_NULL=0[0m


Processing UserSessionsController#new (for 127.0.0.1 at 2009-07-24 15:59:38) [GET]
  [4;36;1mUser Columns (1.4ms)[0m   [0;1mSHOW FIELDS FROM `users`[0m
Rendering template within layouts/application
Rendering user_sessions/new
  [4;35;1mUser Load (0.2ms)[0m   [0mSELECT * FROM `users` WHERE (`users`.`id` = '2') LIMIT 1[0m
Completed in 15ms (View: 5, DB: 2) | 200 OK [http://0.0.0.0/]
  [4;36;1mSQL (0.1ms)[0m   [0;1mSET NAMES 'utf8'[0m
  [4;35;1mSQL (0.1ms)[0m   [0mSET SQL_AUTO_IS_NULL=0[0m


Processing UserSessionsController#destroy (for 127.0.0.1 at 2009-07-24 15:59:52) [GET]
  [4;36;1mUser Columns (1.3ms)[0m   [0;1mSHOW FIELDS FROM `users`[0m
  [4;35;1mUser Load (0.2ms)[0m   [0mSELECT * FROM `users` WHERE (`users`.`id` = '2') LIMIT 1[0m
Redirected to http://0.0.0.0:3000/
Completed in 13ms (DB: 2) | 302 Found [http://0.0.0.0/logout]
  [4;36;1mSQL (0.1ms)[0m   [0;1mSET NAMES 'utf8'[0m
  [4;35;1mSQL (0.1ms)[0m   [0mSET SQL_AUTO_IS_NULL=0[0m


Processing UserSessionsController#new (for 127.0.0.1 at 2009-07-24 15:59:52) [GET]
  [4;36;1mUser Columns (4.3ms)[0m   [0;1mSHOW FIELDS FROM `users`[0m
Rendering template within layouts/application
Rendering user_sessions/new
Completed in 15ms (View: 3, DB: 4) | 200 OK [http://0.0.0.0/]
  [4;35;1mSQL (0.1ms)[0m   [0mSET NAMES 'utf8'[0m
  [4;36;1mSQL (0.1ms)[0m   [0;1mSET SQL_AUTO_IS_NULL=0[0m


Processing UserSessionsController#new (for 127.0.0.1 at 2009-07-24 16:00:45) [GET]
  [4;35;1mUser Columns (1.3ms)[0m   [0mSHOW FIELDS FROM `users`[0m
Rendering template within layouts/application
Rendering user_sessions/new
Completed in 12ms (View: 3, DB: 1) | 200 OK [http://0.0.0.0/]
  [4;36;1mSQL (0.1ms)[0m   [0;1mSET NAMES 'utf8'[0m
  [4;35;1mSQL (0.1ms)[0m   [0mSET SQL_AUTO_IS_NULL=0[0m


Processing UserSessionsController#new (for 127.0.0.1 at 2009-07-24 16:01:31) [GET]
  [4;36;1mUser Columns (1.3ms)[0m   [0;1mSHOW FIELDS FROM `users`[0m
Rendering template within layouts/application
Rendering user_sessions/new
Completed in 17ms (View: 8, DB: 1) | 200 OK [http://0.0.0.0/]
  [4;35;1mSQL (0.1ms)[0m   [0mSET NAMES 'utf8'[0m
  [4;36;1mSQL (0.1ms)[0m   [0;1mSET SQL_AUTO_IS_NULL=0[0m


Processing UserSessionsController#create (for 127.0.0.1 at 2009-07-24 16:01:56) [POST]
  Parameters: {"commit"=>"Submit", "user_session"=>{"username"=>"", "openid_identifier"=>"cdubd10.pip.verisignlabs.com ", "password"=>""}, "authenticity_token"=>"TDoXcmOa/9nTrnM1wZ4llsuQ1vAgu3Y0gm2LbehWs3M="}
  [4;35;1mUser Columns (1.5ms)[0m   [0mSHOW FIELDS FROM `users`[0m
  [4;36;1mOpenIdAuthentication::Association Columns (63.8ms)[0m   [0;1mSHOW FIELDS FROM `open_id_authentication_associations`[0m
  [4;35;1mOpenIdAuthentication::Association Load (0.3ms)[0m   [0mSELECT * FROM `open_id_authentication_associations` WHERE (`open_id_authentication_associations`.`server_url` = 'http://pip.verisignlabs.com/server') [0m
Generated checkid_setup request to http://pip.verisignlabs.com/server with assocication e97f3050-78a4-11de-ae57-d18d9d22b4fc
Redirected to http://pip.verisignlabs.com/server?openid.assoc_handle=e97f3050-78a4-11de-ae57-d18d9d22b4fc&openid.ax.mode=fetch_request&openid.claimed_id=http%3A%2F%2Fcdubd10.pip.verisignlabs.com%2F&openid.identity=http%3A%2F%2Fcdubd10.pip.verisignlabs.com%2F&openid.mode=checkid_setup&openid.ns=http%3A%2F%2Fspecs.openid.net%2Fauth%2F2.0&openid.ns.ax=http%3A%2F%2Fopenid.net%2Fsrv%2Fax%2F1.0&openid.ns.sreg=http%3A%2F%2Fopenid.net%2Fextensions%2Fsreg%2F1.1&openid.realm=http%3A%2F%2F0.0.0.0%3A3000%2F&openid.return_to=http%3A%2F%2F0.0.0.0%3A3000%2Fuser_sessions%3Ffor_session%3D1%26_method%3Dpost%26open_id_complete%3D1
Completed in 368ms (DB: 66) | 302 Found [http://0.0.0.0/user_sessions]
  [4;36;1mSQL (0.1ms)[0m   [0;1mSET NAMES 'utf8'[0m
  [4;35;1mSQL (0.1ms)[0m   [0mSET SQL_AUTO_IS_NULL=0[0m


Processing UserSessionsController#create (for 127.0.0.1 at 2009-07-24 16:01:58) [POST]
  Parameters: {"openid.mode"=>"id_res", "openid.claimed_id"=>"http://cdubd10.pip.verisignlabs.com/", "openid.sig"=>"pSebwppr8LoBMQrvcwMLnOQjtk4=", "openid.return_to"=>"http://0.0.0.0:3000/user_sessions?for_session=1&_method=post&open_id_complete=1", "openid.ns"=>"http://specs.openid.net/auth/2.0", "openid.op_endpoint"=>"http://pip.verisignlabs.com/server", "for_session"=>"1", "openid.response_nonce"=>"2009-07-24T23:01:58ZwPCD8w==", "openid.pape.nist_auth_level"=>"0", "openid.identity"=>"http://cdubd10.pip.verisignlabs.com/", "open_id_complete"=>"1", "openid.pape.auth_policies"=>"http://schemas.openid.net/pape/policies/2007/06/phishing-resistant", "openid.assoc_handle"=>"e97f3050-78a4-11de-ae57-d18d9d22b4fc", "openid.signed"=>"assoc_handle,identity,response_nonce,return_to,claimed_id,op_endpoint,ns.pape,pape.auth_policies,pape.auth_time,pape.nist_auth_level", "openid.pape.auth_time"=>"2009-07-24T22:52:17Z", "openid.ns.pape"=>"http://specs.openid.net/extensions/pape/1.0"}
  [4;36;1mUser Columns (1.2ms)[0m   [0;1mSHOW FIELDS FROM `users`[0m
  [4;35;1mOpenIdAuthentication::Association Load (0.3ms)[0m   [0mSELECT * FROM `open_id_authentication_associations` WHERE (`open_id_authentication_associations`.`handle` = 'e97f3050-78a4-11de-ae57-d18d9d22b4fc' AND `open_id_authentication_associations`.`server_url` = 'http://pip.verisignlabs.com/server') [0m
  [4;36;1mOpenIdAuthentication::Nonce Columns (1.2ms)[0m   [0;1mSHOW FIELDS FROM `open_id_authentication_nonces`[0m
  [4;35;1mOpenIdAuthentication::Nonce Load (0.2ms)[0m   [0mSELECT * FROM `open_id_authentication_nonces` WHERE (`open_id_authentication_nonces`.`salt` = 'wPCD8w==' AND `open_id_authentication_nonces`.`server_url` = 'http://pip.verisignlabs.com/server' AND `open_id_authentication_nonces`.`timestamp` = 1248476518) LIMIT 1[0m
  [4;36;1mSQL (0.1ms)[0m   [0;1mBEGIN[0m
  [4;35;1mOpenIdAuthentication::Nonce Create (0.1ms)[0m   [0mINSERT INTO `open_id_authentication_nonces` (`timestamp`, `salt`, `server_url`) VALUES(1248476518, 'wPCD8w==', 'http://pip.verisignlabs.com/server')[0m
  [4;36;1mSQL (0.4ms)[0m   [0;1mCOMMIT[0m
  [4;35;1mUser Load (0.2ms)[0m   [0mSELECT * FROM `users` WHERE (`users`.`openid_identifier` = 'http://cdubd10.pip.verisignlabs.com/') LIMIT 1[0m
Redirected to http://0.0.0.0:3000/
Completed in 21ms (DB: 4) | 302 Found [http://0.0.0.0/user_sessions?for_session=1&_method=post&open_id_complete=1&openid.assoc_handle=e97f3050-78a4-11de-ae57-d18d9d22b4fc&openid.response_nonce=2009-07-24T23%3A01%3A58ZwPCD8w%3D%3D&openid.pape.nist_auth_level=0&openid.ns=http%3A%2F%2Fspecs.openid.net%2Fauth%2F2.0&openid.mode=id_res&openid.op_endpoint=http%3A%2F%2Fpip.verisignlabs.com%2Fserver&openid.claimed_id=http%3A%2F%2Fcdubd10.pip.verisignlabs.com%2F&openid.sig=pSebwppr8LoBMQrvcwMLnOQjtk4%3D&openid.pape.auth_policies=http%3A%2F%2Fschemas.openid.net%2Fpape%2Fpolicies%2F2007%2F06%2Fphishing-resistant&openid.identity=http%3A%2F%2Fcdubd10.pip.verisignlabs.com%2F&openid.ns.pape=http%3A%2F%2Fspecs.openid.net%2Fextensions%2Fpape%2F1.0&openid.signed=assoc_handle%2Cidentity%2Cresponse_nonce%2Creturn_to%2Cclaimed_id%2Cop_endpoint%2Cns.pape%2Cpape.auth_policies%2Cpape.auth_time%2Cpape.nist_auth_level&openid.pape.auth_time=2009-07-24T22%3A52%3A17Z&openid.return_to=http%3A%2F%2F0.0.0.0%3A3000%2Fuser_sessions%3Ffor_session%3D1%26_method%3Dpost%26open_id_complete%3D1]
  [4;36;1mSQL (0.1ms)[0m   [0;1mSET NAMES 'utf8'[0m
  [4;35;1mSQL (0.1ms)[0m   [0mSET SQL_AUTO_IS_NULL=0[0m


Processing UserSessionsController#new (for 127.0.0.1 at 2009-07-24 16:01:58) [GET]
  [4;36;1mUser Columns (1.3ms)[0m   [0;1mSHOW FIELDS FROM `users`[0m
Rendering template within layouts/application
Rendering user_sessions/new
  [4;35;1mUser Load (0.2ms)[0m   [0mSELECT * FROM `users` WHERE (`users`.`id` = '2') LIMIT 1[0m
Completed in 15ms (View: 5, DB: 2) | 200 OK [http://0.0.0.0/]
  [4;36;1mSQL (0.1ms)[0m   [0;1mSET NAMES 'utf8'[0m
  [4;35;1mSQL (0.1ms)[0m   [0mSET SQL_AUTO_IS_NULL=0[0m


Processing UserSessionsController#new (for 127.0.0.1 at 2009-07-24 16:08:34) [GET]
  [4;36;1mUser Columns (1.3ms)[0m   [0;1mSHOW FIELDS FROM `users`[0m
Rendering template within layouts/application
Rendering user_sessions/new
  [4;35;1mUser Load (0.3ms)[0m   [0mSELECT * FROM `users` WHERE (`users`.`id` = '2') LIMIT 1[0m
Completed in 25ms (View: 16, DB: 2) | 200 OK [http://0.0.0.0/]
  [4;36;1mSQL (0.1ms)[0m   [0;1mSET NAMES 'utf8'[0m
  [4;35;1mSQL (0.1ms)[0m   [0mSET SQL_AUTO_IS_NULL=0[0m


Processing UserSessionsController#create (for 127.0.0.1 at 2009-07-24 16:08:49) [POST]
  Parameters: {"commit"=>"Submit", "user_session"=>{"username"=>"casen", "openid_identifier"=>"", "password"=>"buttbam"}, "authenticity_token"=>"TDoXcmOa/9nTrnM1wZ4llsuQ1vAgu3Y0gm2LbehWs3M="}
  [4;36;1mUser Columns (1.3ms)[0m   [0;1mSHOW FIELDS FROM `users`[0m
  [4;35;1mUser Load (0.3ms)[0m   [0mSELECT * FROM `users` WHERE (LOWER(`users`.username) = 'casen') LIMIT 1[0m
Redirected to http://0.0.0.0:3000/
Completed in 123ms (DB: 2) | 302 Found [http://0.0.0.0/user_sessions]
  [4;36;1mSQL (0.1ms)[0m   [0;1mSET NAMES 'utf8'[0m
  [4;35;1mSQL (0.1ms)[0m   [0mSET SQL_AUTO_IS_NULL=0[0m


Processing UserSessionsController#new (for 127.0.0.1 at 2009-07-24 16:08:49) [GET]
  [4;36;1mUser Columns (1.2ms)[0m   [0;1mSHOW FIELDS FROM `users`[0m
Rendering template within layouts/application
Rendering user_sessions/new
  [4;35;1mUser Load (0.2ms)[0m   [0mSELECT * FROM `users` WHERE (`users`.`id` = '1') LIMIT 1[0m
Completed in 15ms (View: 6, DB: 2) | 200 OK [http://0.0.0.0/]
  [4;36;1mSQL (0.1ms)[0m   [0;1mSET NAMES 'utf8'[0m
  [4;35;1mSQL (0.1ms)[0m   [0mSET SQL_AUTO_IS_NULL=0[0m


Processing UsersController#edit (for 127.0.0.1 at 2009-07-25 01:35:16) [GET]
  Parameters: {"id"=>"current"}
  [4;36;1mUser Columns (1.3ms)[0m   [0;1mSHOW FIELDS FROM `users`[0m
  [4;35;1mUser Load (0.2ms)[0m   [0mSELECT * FROM `users` WHERE (`users`.`id` = '1') LIMIT 1[0m
Rendering template within layouts/application
Rendering users/edit
Rendered users/_form (2.7ms)
Completed in 21ms (View: 8, DB: 2) | 200 OK [http://0.0.0.0/users/current/edit]
